

SYSTEM_START	-	F80	F80	2026-06-06 13:51:15


SYSTEM_INFO	CarMaker 12.0.4 - Car_Generic #4	jetbrains@ed34c7527870 2025-02-17 16:06:05	(12.0.4 jetbrains@ed34c7527870 2025-02-17 15:44:51)
SIM	1780746675	F80			0	0	0
SIM	1780746676	F80	marce	stat_circle80	0	60	967.959
SIM	1780746824	F80	marce	stat_circle80	0	13.33	240.443


SYSTEM_START	-	F80	F80	2026-06-06 14:30:36


SYSTEM_INFO	CarMaker 12.0.4 - Car_Generic #6	jetbrains@ed34c7527870 2025-02-17 16:06:31	(12.0.4 jetbrains@ed34c7527870 2025-02-17 15:44:51)
SIM	1780749036	F80	marce	init	0	6.998	33.4185


SYSTEM_START	-	F80	F80	2026-06-06 14:38:16


SYSTEM_INFO	CarMaker 12.0.4 - Car_Generic #6	jetbrains@ed34c7527870 2025-02-17 16:06:31	(12.0.4 jetbrains@ed34c7527870 2025-02-17 15:44:51)
SIM	1780749496	F80	marce	init	0	10	87.9875


SYSTEM_START	-	F80	F80	2026-06-06 14:41:48


SYSTEM_INFO	CarMaker 12.0.4 - Car_Generic #6	jetbrains@ed34c7527870 2025-02-17 16:06:31	(12.0.4 jetbrains@ed34c7527870 2025-02-17 15:44:51)
SIM	1780749708	F80	marce	init	0	10	87.9875


SYSTEM_START	-	F80	F80	2026-06-06 14:46:39


SYSTEM_INFO	CarMaker 12.0.4 - Car_Generic #6	jetbrains@ed34c7527870 2025-02-17 16:06:31	(12.0.4 jetbrains@ed34c7527870 2025-02-17 15:44:51)
SIM	1780749999	F80	marce	init	1	0	0


SYSTEM_START	-	F80	F80	2026-06-06 14:48:10


SYSTEM_INFO	CarMaker 12.0.4 - Car_Generic #6	jetbrains@ed34c7527870 2025-02-17 16:06:31	(12.0.4 jetbrains@ed34c7527870 2025-02-17 15:44:51)
SIM	1780750090	F80	marce	init	0	10	87.9875


SYSTEM_START	-	F80	F80	2026-06-06 14:50:50


SYSTEM_INFO	CarMaker 12.0.4 - Car_Generic #6	jetbrains@ed34c7527870 2025-02-17 16:06:31	(12.0.4 jetbrains@ed34c7527870 2025-02-17 15:44:51)
SIM	1780750250	F80	marce	init	0	10	87.9875


SYSTEM_START	-	F80	F80	2026-06-06 14:51:28


SYSTEM_INFO	CarMaker 12.0.4 - Car_Generic #6	jetbrains@ed34c7527870 2025-02-17 16:06:31	(12.0.4 jetbrains@ed34c7527870 2025-02-17 15:44:51)
SIM	1780750288	F80	marce	init	0	10	87.9875


SYSTEM_START	-	F80	F80	2026-06-06 14:52:58


SYSTEM_INFO	CarMaker 12.0.4 - Car_Generic #6	jetbrains@ed34c7527870 2025-02-17 16:06:31	(12.0.4 jetbrains@ed34c7527870 2025-02-17 15:44:51)
SIM	1780750379	F80	marce	init	0	10	23.7845


SYSTEM_START	-	F80	F80	2026-06-06 14:53:46


SYSTEM_INFO	CarMaker 12.0.4 - Car_Generic #6	jetbrains@ed34c7527870 2025-02-17 16:06:31	(12.0.4 jetbrains@ed34c7527870 2025-02-17 15:44:51)
SIM	1780750426	F80	marce	init	0	9.329	6.15674


SYSTEM_START	-	F80	F80	2026-06-06 14:57:11


SYSTEM_INFO	CarMaker 12.0.4 - Car_Generic #6	jetbrains@ed34c7527870 2025-02-17 16:06:31	(12.0.4 jetbrains@ed34c7527870 2025-02-17 15:44:51)
SIM	1780750632	F80	marce	init	0	10	87.9875


SYSTEM_START	-	F80	F80	2026-06-06 14:58:26


SYSTEM_INFO	CarMaker 12.0.4 - Car_Generic #6	jetbrains@ed34c7527870 2025-02-17 16:06:31	(12.0.4 jetbrains@ed34c7527870 2025-02-17 15:44:51)
SIM	1780750706	F80	marce	init	0	8.534	58.0443


SYSTEM_START	-	F80	F80	2026-06-06 14:59:09


SYSTEM_INFO	CarMaker 12.0.4 - Car_Generic #6	jetbrains@ed34c7527870 2025-02-17 16:06:31	(12.0.4 jetbrains@ed34c7527870 2025-02-17 15:44:51)
SIM	1780750749	F80	marce	init	0	71.394	5.90981


SYSTEM_START	-	F80	F80	2026-06-06 15:01:15


SYSTEM_INFO	CarMaker 12.0.4 - Car_Generic #6	jetbrains@ed34c7527870 2025-02-17 16:06:31	(12.0.4 jetbrains@ed34c7527870 2025-02-17 15:44:51)
SIM	1780750875	F80	marce	init	0	10.819	1.2559


SYSTEM_START	-	F80	F80	2026-06-06 15:01:58


SYSTEM_INFO	CarMaker 12.0.4 - Car_Generic #6	jetbrains@ed34c7527870 2025-02-17 16:06:31	(12.0.4 jetbrains@ed34c7527870 2025-02-17 15:44:51)
SIM	1780750918	F80	marce	init	0	8.6	1.19488


SYSTEM_START	-	F80	F80	2026-06-06 15:02:15


SYSTEM_INFO	CarMaker 12.0.4 - Car_Generic #6	jetbrains@ed34c7527870 2025-02-17 16:06:31	(12.0.4 jetbrains@ed34c7527870 2025-02-17 15:44:51)
SIM	1780750935	F80	marce	init	0	16.814	1.39333


SYSTEM_START	-	F80	F80	2026-06-06 15:03:13


SYSTEM_INFO	CarMaker 12.0.4 - Car_Generic #6	jetbrains@ed34c7527870 2025-02-17 16:06:31	(12.0.4 jetbrains@ed34c7527870 2025-02-17 15:44:51)
SIM	1780750993	F80	marce	init	0	14.745	1.34972


SYSTEM_START	-	F80	F80	2026-06-06 15:05:58


SYSTEM_INFO	CarMaker 12.0.4 - Car_Generic #6	jetbrains@ed34c7527870 2025-02-17 16:06:31	(12.0.4 jetbrains@ed34c7527870 2025-02-17 15:44:51)
SIM	1780751158	F80	marce	init	0	24.188	1.52364


SYSTEM_START	-	F80	F80	2026-06-06 15:07:39


SYSTEM_INFO	CarMaker 12.0.4 - Car_Generic #6	jetbrains@ed34c7527870 2025-02-17 16:06:31	(12.0.4 jetbrains@ed34c7527870 2025-02-17 15:44:51)
SIM	1780751259	F80	marce	init	0	12.997	1.30984


SYSTEM_START	-	F80	F80	2026-06-06 15:09:12


SYSTEM_INFO	CarMaker 12.0.4 - Car_Generic #6	jetbrains@ed34c7527870 2025-02-17 16:06:31	(12.0.4 jetbrains@ed34c7527870 2025-02-17 15:44:51)
SIM	1780751352	F80	marce	init	0	49.528	1.73925


SYSTEM_START	-	F80	F80	2026-06-06 15:10:19


SYSTEM_INFO	CarMaker 12.0.4 - Car_Generic #6	jetbrains@ed34c7527870 2025-02-17 16:06:31	(12.0.4 jetbrains@ed34c7527870 2025-02-17 15:44:51)
SIM	1780751419	F80	marce	init	0	62.084	1.78765


SYSTEM_START	-	F80	F80	2026-06-06 15:10:57


SYSTEM_INFO	CarMaker 12.0.4 - Car_Generic #6	jetbrains@ed34c7527870 2025-02-17 16:06:31	(12.0.4 jetbrains@ed34c7527870 2025-02-17 15:44:51)
SIM	1780751457	F80	marce	init	0	56.947	1.76977


SYSTEM_START	-	F80	F80	2026-06-06 15:12:13


SYSTEM_INFO	CarMaker 12.0.4 - Car_Generic #6	jetbrains@ed34c7527870 2025-02-17 16:06:31	(12.0.4 jetbrains@ed34c7527870 2025-02-17 15:44:51)
SIM	1780751533	F80	marce	init	0	18.595	2.10745


SYSTEM_START	-	F80	F80	2026-06-06 15:12:44


SYSTEM_INFO	CarMaker 12.0.4 - Car_Generic #6	jetbrains@ed34c7527870 2025-02-17 16:06:31	(12.0.4 jetbrains@ed34c7527870 2025-02-17 15:44:51)
SIM	1780751564	F80	marce	init	0	100	1.87149


SYSTEM_START	-	F80	F80	2026-06-06 15:14:01


SYSTEM_INFO	CarMaker 12.0.4 - Car_Generic #6	jetbrains@ed34c7527870 2025-02-17 16:06:31	(12.0.4 jetbrains@ed34c7527870 2025-02-17 15:44:51)
SIM	1780751641	F80	marce	init	0	41.487	956.139


SYSTEM_START	-	F80	F80	2026-06-06 15:15:17


SYSTEM_INFO	CarMaker 12.0.4 - Car_Generic #6	jetbrains@ed34c7527870 2025-02-17 16:06:31	(12.0.4 jetbrains@ed34c7527870 2025-02-17 15:44:51)
SIM	1780751717	F80	marce	init	0	45.597	965.573


SYSTEM_START	-	F80	F80	2026-06-06 15:18:14


SYSTEM_INFO	CarMaker 12.0.4 - Car_Generic #6	jetbrains@ed34c7527870 2025-02-17 16:06:31	(12.0.4 jetbrains@ed34c7527870 2025-02-17 15:44:51)
SIM	1780751894	F80	marce	init	0	23.396	429.434


SYSTEM_START	-	F80	F80	2026-06-06 15:18:44


SYSTEM_INFO	CarMaker 12.0.4 - Car_Generic #6	jetbrains@ed34c7527870 2025-02-17 16:06:31	(12.0.4 jetbrains@ed34c7527870 2025-02-17 15:44:51)
SIM	1780751924	F80	marce	init	1	46.123	987.378


SYSTEM_START	-	F80	F80	2026-06-06 15:23:40


SYSTEM_INFO	CarMaker 12.0.4 - Car_Generic #6	jetbrains@ed34c7527870 2025-02-17 16:06:31	(12.0.4 jetbrains@ed34c7527870 2025-02-17 15:44:51)
SIM	1780752220	F80	marce	init	0	19.534	196.059


SYSTEM_START	-	F80	F80	2026-06-06 15:24:38


SYSTEM_INFO	CarMaker 12.0.4 - Car_Generic #6	jetbrains@ed34c7527870 2025-02-17 16:06:31	(12.0.4 jetbrains@ed34c7527870 2025-02-17 15:44:51)
SIM	1780752279	F80	marce	init	0	16.575	135.361


SYSTEM_START	-	F80	F80	2026-06-06 16:13:02


SYSTEM_INFO	CarMaker 12.0.4 - Car_Generic #6	jetbrains@ed34c7527870 2025-02-17 16:06:31	(12.0.4 jetbrains@ed34c7527870 2025-02-17 15:44:51)
SIM	1780755182	F80	marce	init	0	22.225	272.944


SYSTEM_START	-	F80	F80	2026-06-06 16:17:03


SYSTEM_INFO	CarMaker 12.0.4 - Car_Generic #6	jetbrains@ed34c7527870 2025-02-17 16:06:31	(12.0.4 jetbrains@ed34c7527870 2025-02-17 15:44:51)
SIM	1780755423	F80	marce	init	0	9.089	65.8063


SYSTEM_START	-	F80	F80	2026-06-06 16:18:43


SYSTEM_INFO	CarMaker 12.0.4 - Car_Generic #6	jetbrains@ed34c7527870 2025-02-17 16:06:31	(12.0.4 jetbrains@ed34c7527870 2025-02-17 15:44:51)
SIM	1780755523	F80	marce	init	0	16.503	133.77


SYSTEM_START	-	F80	F80	2026-06-06 16:19:41


SYSTEM_INFO	CarMaker 12.0.4 - Car_Generic #6	jetbrains@ed34c7527870 2025-02-17 16:06:31	(12.0.4 jetbrains@ed34c7527870 2025-02-17 15:44:51)
SIM	1780755581	F80	marce	init	0	14.579	109.049


SYSTEM_START	-	F80	F80	2026-06-06 16:20:24


SYSTEM_INFO	CarMaker 12.0.4 - Car_Generic #6	jetbrains@ed34c7527870 2025-02-17 16:06:31	(12.0.4 jetbrains@ed34c7527870 2025-02-17 15:44:51)
SIM	1780755624	F80	marce	init	0	13.131	97.9716


SYSTEM_START	-	F80	F80	2026-06-06 16:27:55


SYSTEM_INFO	CarMaker 12.0.4 - Car_Generic #6	jetbrains@ed34c7527870 2025-02-17 16:06:31	(12.0.4 jetbrains@ed34c7527870 2025-02-17 15:44:51)
SIM	1780756075	F80	marce	init	1	23.89	328.664


SYSTEM_START	-	F80	F80	2026-06-06 16:29:42


SYSTEM_INFO	CarMaker 12.0.4 - Car_Generic #6	jetbrains@ed34c7527870 2025-02-17 16:06:31	(12.0.4 jetbrains@ed34c7527870 2025-02-17 15:44:51)
SIM	1780756182	F80	marce	init	0	7.062	30.0197


SYSTEM_START	-	F80	F80	2026-06-06 16:30:00


SYSTEM_INFO	CarMaker 12.0.4 - Car_Generic #6	jetbrains@ed34c7527870 2025-02-17 16:06:31	(12.0.4 jetbrains@ed34c7527870 2025-02-17 15:44:51)
SIM	1780756200	F80	marce	init	0	15.354	117.744


SYSTEM_START	-	F80	F80	2026-06-06 16:30:20


SYSTEM_INFO	CarMaker 12.0.4 - Car_Generic #6	jetbrains@ed34c7527870 2025-02-17 16:06:31	(12.0.4 jetbrains@ed34c7527870 2025-02-17 15:44:51)
SIM	1780756220	F80	marce	init	0	17.3	147.439


SYSTEM_START	-	F80	F80	2026-06-06 16:30:42


SYSTEM_INFO	CarMaker 12.0.4 - Car_Generic #6	jetbrains@ed34c7527870 2025-02-17 16:06:31	(12.0.4 jetbrains@ed34c7527870 2025-02-17 15:44:51)
SIM	1780756242	F80	marce	init	0	18.909	180.535


SYSTEM_START	-	F80	F80	2026-06-06 16:32:22


SYSTEM_INFO	CarMaker 12.0.4 - Car_Generic #6	jetbrains@ed34c7527870 2025-02-17 16:06:31	(12.0.4 jetbrains@ed34c7527870 2025-02-17 15:44:51)
SIM	1780756343	F80	marce	init	0	13.295	99.1967


SYSTEM_START	-	F80	F80	2026-06-06 16:32:49


SYSTEM_INFO	CarMaker 12.0.4 - Car_Generic #6	jetbrains@ed34c7527870 2025-02-17 16:06:31	(12.0.4 jetbrains@ed34c7527870 2025-02-17 15:44:51)
SIM	1780756369	F80	marce	init	0	15.901	126.087


SYSTEM_START	-	F80	F80	2026-06-06 16:33:44


SYSTEM_INFO	CarMaker 12.0.4 - Car_Generic #6	jetbrains@ed34c7527870 2025-02-17 16:06:31	(12.0.4 jetbrains@ed34c7527870 2025-02-17 15:44:51)
SIM	1780756424	F80	marce	init	0	17.766	157.912


SYSTEM_START	-	F80	F80	2026-06-06 16:35:24


SYSTEM_INFO	CarMaker 12.0.4 - Car_Generic #6	jetbrains@ed34c7527870 2025-02-17 16:06:31	(12.0.4 jetbrains@ed34c7527870 2025-02-17 15:44:51)
SIM	1780756524	F80	marce	init	0	16.049	128.234


SYSTEM_START	-	F80	F80	2026-06-06 16:36:48


SYSTEM_INFO	CarMaker 12.0.4 - Car_Generic #6	jetbrains@ed34c7527870 2025-02-17 16:06:31	(12.0.4 jetbrains@ed34c7527870 2025-02-17 15:44:51)
SIM	1780756608	F80	marce	init	0	15.469	117.719


SYSTEM_START	-	F80	F80	2026-06-06 16:37:08


SYSTEM_INFO	CarMaker 12.0.4 - Car_Generic #6	jetbrains@ed34c7527870 2025-02-17 16:06:31	(12.0.4 jetbrains@ed34c7527870 2025-02-17 15:44:51)
SIM	1780756628	F80	marce	init	0	17.067	142.188


SYSTEM_START	-	F80	F80	2026-06-06 16:37:29


SYSTEM_INFO	CarMaker 12.0.4 - Car_Generic #6	jetbrains@ed34c7527870 2025-02-17 16:06:31	(12.0.4 jetbrains@ed34c7527870 2025-02-17 15:44:51)
SIM	1780756649	F80	marce	init	0	20.91	232.037


SYSTEM_START	-	F80	F80	2026-06-06 16:39:24


SYSTEM_INFO	CarMaker 12.0.4 - Car_Generic #6	jetbrains@ed34c7527870 2025-02-17 16:06:31	(12.0.4 jetbrains@ed34c7527870 2025-02-17 15:44:51)
SIM	1780756764	F80	marce	init	0	13.845	102.577


SYSTEM_START	-	F80	F80	2026-06-06 16:40:11


SYSTEM_INFO	CarMaker 12.0.4 - Car_Generic #6	jetbrains@ed34c7527870 2025-02-17 16:06:31	(12.0.4 jetbrains@ed34c7527870 2025-02-17 15:44:51)
SIM	1780756811	F80	marce	init	0	15.675	122.605


SYSTEM_START	-	F80	F80	2026-06-06 16:40:49


SYSTEM_INFO	CarMaker 12.0.4 - Car_Generic #6	jetbrains@ed34c7527870 2025-02-17 16:06:31	(12.0.4 jetbrains@ed34c7527870 2025-02-17 15:44:51)
SIM	1780756849	F80	marce	init	1	4.918	10.6301


SYSTEM_START	-	F80	F80	2026-06-06 16:41:57


SYSTEM_INFO	CarMaker 12.0.4 - Car_Generic #6	jetbrains@ed34c7527870 2025-02-17 16:06:31	(12.0.4 jetbrains@ed34c7527870 2025-02-17 15:44:51)
SIM	1780756917	F80	marce	init	0	13.002	99.5037


SYSTEM_START	-	F80	F80	2026-06-06 16:43:01


SYSTEM_INFO	CarMaker 12.0.4 - Car_Generic #6	jetbrains@ed34c7527870 2025-02-17 16:06:31	(12.0.4 jetbrains@ed34c7527870 2025-02-17 15:44:51)
SIM	1780756981	F80	marce	init	0	12.754	93.8661


SYSTEM_START	-	F80	F80	2026-06-06 16:45:45


SYSTEM_INFO	CarMaker 12.0.4 - Car_Generic #6	jetbrains@ed34c7527870 2025-02-17 16:06:31	(12.0.4 jetbrains@ed34c7527870 2025-02-17 15:44:51)
SIM	1780757145	F80	marce	init	0	15.342	118.726


SYSTEM_START	-	F80	F80	2026-06-06 16:46:45


SYSTEM_INFO	CarMaker 12.0.4 - Car_Generic #6	jetbrains@ed34c7527870 2025-02-17 16:06:31	(12.0.4 jetbrains@ed34c7527870 2025-02-17 15:44:51)
SIM	1780757206	F80	marce	init	0	14.062	106.976


SYSTEM_START	-	F80	F80	2026-06-06 16:47:22


SYSTEM_INFO	CarMaker 12.0.4 - Car_Generic #6	jetbrains@ed34c7527870 2025-02-17 16:06:31	(12.0.4 jetbrains@ed34c7527870 2025-02-17 15:44:51)
SIM	1780757242	F80	marce	init	0	17.836	155.829


SYSTEM_START	-	F80	F80	2026-06-06 16:48:35


SYSTEM_INFO	CarMaker 12.0.4 - Car_Generic #6	jetbrains@ed34c7527870 2025-02-17 16:06:31	(12.0.4 jetbrains@ed34c7527870 2025-02-17 15:44:51)
SIM	1780757315	F80	marce	init	0	11.905	94.2805


SYSTEM_START	-	F80	F80	2026-06-06 16:49:04


SYSTEM_INFO	CarMaker 12.0.4 - Car_Generic #6	jetbrains@ed34c7527870 2025-02-17 16:06:31	(12.0.4 jetbrains@ed34c7527870 2025-02-17 15:44:51)
SIM	1780757344	F80	marce	init	0	13.982	104.51


SYSTEM_START	-	F80	F80	2026-06-06 16:49:41


SYSTEM_INFO	CarMaker 12.0.4 - Car_Generic #6	jetbrains@ed34c7527870 2025-02-17 16:06:31	(12.0.4 jetbrains@ed34c7527870 2025-02-17 15:44:51)
SIM	1780757381	F80	marce	init	0	18.787	177.751


SYSTEM_START	-	F80	F80	2026-06-06 16:50:04


SYSTEM_INFO	CarMaker 12.0.4 - Car_Generic #6	jetbrains@ed34c7527870 2025-02-17 16:06:31	(12.0.4 jetbrains@ed34c7527870 2025-02-17 15:44:51)
SIM	1780757404	F80	marce	init	0	15.792	123.264


SYSTEM_START	-	F80	F80	2026-06-06 16:50:26


SYSTEM_INFO	CarMaker 12.0.4 - Car_Generic #6	jetbrains@ed34c7527870 2025-02-17 16:06:31	(12.0.4 jetbrains@ed34c7527870 2025-02-17 15:44:51)
SIM	1780757426	F80	marce	init	1	21.634	253.775


SYSTEM_START	-	F80	F80	2026-06-06 16:53:30


SYSTEM_INFO	CarMaker 12.0.4 - Car_Generic #6	jetbrains@ed34c7527870 2025-02-17 16:06:31	(12.0.4 jetbrains@ed34c7527870 2025-02-17 15:44:51)
SIM	1780757610	F80	marce	init	1	21.634	253.775


SYSTEM_START	-	F80	F80	2026-06-06 16:54:00


SYSTEM_INFO	CarMaker 12.0.4 - Car_Generic #6	jetbrains@ed34c7527870 2025-02-17 16:06:31	(12.0.4 jetbrains@ed34c7527870 2025-02-17 15:44:51)
SIM	1780757640	F80	marce	init	1	21.634	253.775
