APPLICATION	CarMaker 12.0.4 - Car_Generic #4 (win64-12.0.4)
COMPILED	jetbrains@ed34c7527870 2025-02-17 16:06:05
 
		I/O Configuration: default
FIRST_INIT	(internal default used)	2026-06-06 13:51:15
TIME	0.000
SIM_END			0s	0m
IDLE	13:51:16
SIM_START	stat_circle80	2026-06-06 13:51:16
TIME	0.000
SIMULATE	stat_circle80

TIME	60.008
SIM_END		stat_circle80	60s	967.959m
TIME	0.001
TIME	74.567
SIM_START	stat_circle80	2026-06-06 13:53:44
TIME	0.000
SIMULATE	stat_circle80

TIME	13.332
SIM_END		stat_circle80	13.33s	240.443m
SHUTDOWN	CarMaker quick shutdown initiated

