APPLICATION	CarMaker 12.0.4 - Car_Generic #6 (win64-12.0.4)
COMPILED	jetbrains@ed34c7527870 2025-02-17 16:06:31
 
		I/O Configuration: default
SIM_START	init	2026-06-07 18:28:41
TIME	0.000
SIMULATE	init

TIME	48.729
SIM_END		init	48.729s	756.034m
APPLICATION	CarMaker 12.0.4 - Car_Generic #6 (win64-12.0.4)
COMPILED	jetbrains@ed34c7527870 2025-02-17 16:06:31
 
		I/O Configuration: default
SIM_START	init	2026-06-07 18:30:22
TIME	0.000
SIMULATE	init

TIME	48.731
SIM_END		init	48.731s	778.7m
APPLICATION	CarMaker 12.0.4 - Car_Generic #6 (win64-12.0.4)
COMPILED	jetbrains@ed34c7527870 2025-02-17 16:06:31
 
		I/O Configuration: default
SIM_START	init	2026-06-07 18:37:10
TIME	0.000
SIMULATE	init

TIME	100.003
SIM_END		init	100s	1873.02m
APPLICATION	CarMaker 12.0.4 - Car_Generic #6 (win64-12.0.4)
COMPILED	jetbrains@ed34c7527870 2025-02-17 16:06:31
 
		I/O Configuration: default
SIM_START	init	2026-06-07 18:37:50
TIME	0.000
SIMULATE	init

TIME	100.003
SIM_END		init	100s	1873.02m
APPLICATION	CarMaker 12.0.4 - Car_Generic #6 (win64-12.0.4)
COMPILED	jetbrains@ed34c7527870 2025-02-17 16:06:31
 
		I/O Configuration: default
SIM_START	init	2026-06-07 18:38:56
TIME	0.000
SIMULATE	init

TIME	22.128
SIM_END		init	22.128s	417.913m
APPLICATION	CarMaker 12.0.4 - Car_Generic #6 (win64-12.0.4)
COMPILED	jetbrains@ed34c7527870 2025-02-17 16:06:31
 
		I/O Configuration: default
SIM_START	init	2026-06-07 18:39:45
TIME	0.000
SIMULATE	init

TIME	22.128
SIM_END		init	22.128s	417.913m
APPLICATION	CarMaker 12.0.4 - Car_Generic #6 (win64-12.0.4)
COMPILED	jetbrains@ed34c7527870 2025-02-17 16:06:31
 
		I/O Configuration: default
SIM_START	init	2026-06-07 18:40:34
TIME	0.000
SIMULATE	init

TIME	8.829
SIM_END		init	8.826s	1.20172m
APPLICATION	CarMaker 12.0.4 - Car_Generic #6 (win64-12.0.4)
COMPILED	jetbrains@ed34c7527870 2025-02-17 16:06:31
 
		I/O Configuration: default
SIM_START	init	2026-06-07 18:41:19
TIME	0.000
SIMULATE	init

TIME	48.039
SIM_END		init	48.036s	877.762m
APPLICATION	CarMaker 12.0.4 - Car_Generic #6 (win64-12.0.4)
COMPILED	jetbrains@ed34c7527870 2025-02-17 16:06:31
 
		I/O Configuration: default
SIM_START	init	2026-06-07 18:42:28
TIME	0.000
SIMULATE	init

TIME	46.237
SIM_END		init	46.234s	840.304m
APPLICATION	CarMaker 12.0.4 - Car_Generic #6 (win64-12.0.4)
COMPILED	jetbrains@ed34c7527870 2025-02-17 16:06:31
 
		I/O Configuration: default
SIM_START	init	2026-06-07 18:52:38
TIME	0.000
SIMULATE	init

TIME	45.225
SIM_END		init	45.222s	799.841m
APPLICATION	CarMaker 12.0.4 - Car_Generic #6 (win64-12.0.4)
COMPILED	jetbrains@ed34c7527870 2025-02-17 16:06:31
 
		I/O Configuration: default
SIM_START	init	2026-06-07 18:53:50
TIME	0.000
SIMULATE	init

TIME	45.201
SIM_END		init	45.198s	809.138m
APPLICATION	CarMaker 12.0.4 - Car_Generic #6 (win64-12.0.4)
COMPILED	jetbrains@ed34c7527870 2025-02-17 16:06:31
 
		I/O Configuration: default
SIM_START	init	2026-06-07 18:57:21
TIME	0.000
SIMULATE	init

TIME	45.253
SIM_END		init	45.25s	810.717m
APPLICATION	CarMaker 12.0.4 - Car_Generic #6 (win64-12.0.4)
COMPILED	jetbrains@ed34c7527870 2025-02-17 16:06:31
 
		I/O Configuration: default
SIM_START	init	2026-06-07 19:33:55
TIME	0.000
SIMULATE	init

TIME	44.648
SIM_END		init	44.645s	782.985m
APPLICATION	CarMaker 12.0.4 - Car_Generic #6 (win64-12.0.4)
COMPILED	jetbrains@ed34c7527870 2025-02-17 16:06:31
 
		I/O Configuration: default
SIM_START	init	2026-06-07 19:35:16
TIME	0.000
SIMULATE	init

TIME	47.569
SIM_END		init	47.566s	878.684m
