APPLICATION	CarMaker 12.0.4 - Car_Generic #6 (win64-12.0.4)
COMPILED	jetbrains@ed34c7527870 2025-02-17 16:06:31
 
		I/O Configuration: default
SIM_START	init	2026-06-06 20:53:57
TIME	0.000
SIMULATE	init

TIME	15.424
SIM_END		init	15.421s	110.622m
APPLICATION	CarMaker 12.0.4 - Car_Generic #6 (win64-12.0.4)
COMPILED	jetbrains@ed34c7527870 2025-02-17 16:06:31
 
		I/O Configuration: default
SIM_START	init	2026-06-06 20:56:33
TIME	0.000
SIMULATE	init

TIME	13.522
SIM_END		init	13.519s	94.9904m
APPLICATION	CarMaker 12.0.4 - Car_Generic #6 (win64-12.0.4)
COMPILED	jetbrains@ed34c7527870 2025-02-17 16:06:31
 
		I/O Configuration: default
SIM_START	init	2026-06-06 20:58:11
TIME	0.000
SIMULATE	init

TIME	19.807
SIM_END		init	19.804s	188.6m
APPLICATION	CarMaker 12.0.4 - Car_Generic #6 (win64-12.0.4)
COMPILED	jetbrains@ed34c7527870 2025-02-17 16:06:31
 
		I/O Configuration: default
SIM_START	init	2026-06-06 21:01:28
TIME	0.000
SIMULATE	init

TIME	37.052
SIM_END		init	37.052s	409.719m
APPLICATION	CarMaker 12.0.4 - Car_Generic #6 (win64-12.0.4)
COMPILED	jetbrains@ed34c7527870 2025-02-17 16:06:31
 
		I/O Configuration: default
SIM_START	init	2026-06-06 21:03:43
TIME	0.000
SIMULATE	init

TIME	37.052
SIM_END		init	37.052s	1141.4m
APPLICATION	CarMaker 12.0.4 - Car_Generic #6 (win64-12.0.4)
COMPILED	jetbrains@ed34c7527870 2025-02-17 16:06:31
 
		I/O Configuration: default
SIM_START	init	2026-06-06 21:04:27
TIME	0.000
SIMULATE	init

TIME	18.294
SIM_END		init	18.291s	359.941m
APPLICATION	CarMaker 12.0.4 - Car_Generic #6 (win64-12.0.4)
COMPILED	jetbrains@ed34c7527870 2025-02-17 16:06:31
 
		I/O Configuration: default
SIM_START	init	2026-06-06 21:05:24
TIME	0.000
SIMULATE	init

TIME	11.102
SIM_END		init	11.099s	114.556m
APPLICATION	CarMaker 12.0.4 - Car_Generic #6 (win64-12.0.4)
COMPILED	jetbrains@ed34c7527870 2025-02-17 16:06:31
 
		I/O Configuration: default
SIM_START	init	2026-06-06 21:06:05
TIME	0.000
SIMULATE	init

TIME	34.917
SIM_END		init	34.914s	1052.65m
APPLICATION	CarMaker 12.0.4 - Car_Generic #6 (win64-12.0.4)
COMPILED	jetbrains@ed34c7527870 2025-02-17 16:06:31
 
		I/O Configuration: default
SIM_START	init	2026-06-06 21:07:06
TIME	0.000
SIMULATE	init

TIME	31.176
SIM_END		init	31.173s	325.157m
APPLICATION	CarMaker 12.0.4 - Car_Generic #6 (win64-12.0.4)
COMPILED	jetbrains@ed34c7527870 2025-02-17 16:06:31
 
		I/O Configuration: default
SIM_START	init	2026-06-06 21:14:14
TIME	0.000
SIMULATE	init

TIME	4.391
SIM_END		init	4.388s	7.13548m
APPLICATION	CarMaker 12.0.4 - Car_Generic #6 (win64-12.0.4)
COMPILED	jetbrains@ed34c7527870 2025-02-17 16:06:31
 
		I/O Configuration: default
SIM_START	init	2026-06-06 21:15:29
TIME	0.000
SIMULATE	init

TIME	21.859
SIM_END		init	21.856s	216.437m
APPLICATION	CarMaker 12.0.4 - Car_Generic #6 (win64-12.0.4)
COMPILED	jetbrains@ed34c7527870 2025-02-17 16:06:31
 
		I/O Configuration: default
SIM_START	init	2026-06-06 21:18:03
TIME	0.000
SIMULATE	init

TIME	31.281
SIM_END		init	31.278s	356.943m
APPLICATION	CarMaker 12.0.4 - Car_Generic #6 (win64-12.0.4)
COMPILED	jetbrains@ed34c7527870 2025-02-17 16:06:31
 
		I/O Configuration: default
SIM_START	init	2026-06-06 21:19:52
TIME	0.000
SIMULATE	init

TIME	10.332
SIM_END		init	10.329s	91.5387m
APPLICATION	CarMaker 12.0.4 - Car_Generic #6 (win64-12.0.4)
COMPILED	jetbrains@ed34c7527870 2025-02-17 16:06:31
 
		I/O Configuration: default
SIM_START	init	2026-06-06 21:20:25
TIME	0.000
SIMULATE	init

TIME	22.082
SIM_END		init	22.079s	242.86m
APPLICATION	CarMaker 12.0.4 - Car_Generic #6 (win64-12.0.4)
COMPILED	jetbrains@ed34c7527870 2025-02-17 16:06:31
 
		I/O Configuration: default
SIM_START	init	2026-06-06 21:22:23
TIME	0.000
SIMULATE	init

TIME	7.026
SIM_END		init	7.023s	33.7675m
APPLICATION	CarMaker 12.0.4 - Car_Generic #6 (win64-12.0.4)
COMPILED	jetbrains@ed34c7527870 2025-02-17 16:06:31
 
		I/O Configuration: default
SIM_START	init	2026-06-06 21:22:41
TIME	0.000
SIMULATE	init

TIME	11.893
SIM_END		init	11.89s	119.843m
APPLICATION	CarMaker 12.0.4 - Car_Generic #6 (win64-12.0.4)
COMPILED	jetbrains@ed34c7527870 2025-02-17 16:06:31
 
		I/O Configuration: default
SIM_START	init	2026-06-06 21:24:49
TIME	0.000
SIMULATE	init

TIME	37.052
SIM_END		init	37.052s	419.003m
APPLICATION	CarMaker 12.0.4 - Car_Generic #6 (win64-12.0.4)
COMPILED	jetbrains@ed34c7527870 2025-02-17 16:06:31
 
		I/O Configuration: default
SIM_START	init	2026-06-06 21:26:25
TIME	0.000
SIMULATE	init

TIME	30.446
SIM_END		init	30.443s	545.233m
APPLICATION	CarMaker 12.0.4 - Car_Generic #6 (win64-12.0.4)
COMPILED	jetbrains@ed34c7527870 2025-02-17 16:06:31
 
		I/O Configuration: default
SIM_START	init	2026-06-06 21:28:01
TIME	0.000
SIMULATE	init

TIME	33.921
SIM_END		init	33.918s	759.714m
APPLICATION	CarMaker 12.0.4 - Car_Generic #6 (win64-12.0.4)
COMPILED	jetbrains@ed34c7527870 2025-02-17 16:06:31
 
		I/O Configuration: default
SIM_START	init	2026-06-06 21:29:02
TIME	0.000
SIMULATE	init

TIME	20.287
ERROR		Vehicle leaves road at about x=-0.00407951, y=190.213 TireNo=1
SIM_ABORT	init	20.29s	390.01m
APPLICATION	CarMaker 12.0.4 - Car_Generic #6 (win64-12.0.4)
COMPILED	jetbrains@ed34c7527870 2025-02-17 16:06:31
 
		I/O Configuration: default
SIM_START	init	2026-06-06 21:29:48
TIME	0.000
SIMULATE	init

TIME	20.287
ERROR		Vehicle leaves road at about x=-0.00407951, y=190.213 TireNo=1
SIM_ABORT	init	20.29s	390.01m
APPLICATION	CarMaker 12.0.4 - Car_Generic #6 (win64-12.0.4)
COMPILED	jetbrains@ed34c7527870 2025-02-17 16:06:31
 
		I/O Configuration: default
SIM_START	init	2026-06-06 21:30:44
TIME	0.000
SIMULATE	init

TIME	10.527
SIM_END		init	10.524s	100.102m
APPLICATION	CarMaker 12.0.4 - Car_Generic #6 (win64-12.0.4)
COMPILED	jetbrains@ed34c7527870 2025-02-17 16:06:31
 
		I/O Configuration: default
SIM_START	init	2026-06-06 21:33:48
TIME	0.000
SIMULATE	init

TIME	20.287
ERROR		Vehicle leaves road at about x=-0.00407951, y=190.213 TireNo=1
SIM_ABORT	init	20.29s	390.01m
APPLICATION	CarMaker 12.0.4 - Car_Generic #6 (win64-12.0.4)
COMPILED	jetbrains@ed34c7527870 2025-02-17 16:06:31
 
		I/O Configuration: default
SIM_START	init	2026-06-06 21:35:07
TIME	0.000
SIMULATE	init

TIME	20.905
ERROR		Vehicle leaves road at about x=-0.0108606, y=204.776 TireNo=3
SIM_ABORT	init	20.908s	401.668m
APPLICATION	CarMaker 12.0.4 - Car_Generic #6 (win64-12.0.4)
COMPILED	jetbrains@ed34c7527870 2025-02-17 16:06:31
 
		I/O Configuration: default
SIM_START	init	2026-06-06 21:35:55
TIME	0.000
SIMULATE	init

TIME	20.905
ERROR		Vehicle leaves road at about x=-0.0108606, y=204.776 TireNo=3
SIM_ABORT	init	20.908s	401.668m
APPLICATION	CarMaker 12.0.4 - Car_Generic #6 (win64-12.0.4)
COMPILED	jetbrains@ed34c7527870 2025-02-17 16:06:31
 
		I/O Configuration: default
SIM_START	init	2026-06-06 21:36:30
TIME	0.000
SIMULATE	init

TIME	20.812
SIM_END		init	20.809s	399.833m
APPLICATION	CarMaker 12.0.4 - Car_Generic #6 (win64-12.0.4)
COMPILED	jetbrains@ed34c7527870 2025-02-17 16:06:31
 
		I/O Configuration: default
SIM_START	init	2026-06-06 21:37:47
TIME	0.000
SIMULATE	init

TIME	21.146
ERROR		Vehicle leaves road at about x=-0.00456945, y=187.428 TireNo=3
SIM_ABORT	init	21.149s	392.447m
APPLICATION	CarMaker 12.0.4 - Car_Generic #6 (win64-12.0.4)
COMPILED	jetbrains@ed34c7527870 2025-02-17 16:06:31
 
		I/O Configuration: default
SIM_START	init	2026-06-06 21:38:56
TIME	0.000
SIMULATE	init

TIME	20.905
ERROR		Vehicle leaves road at about x=-0.0108606, y=204.776 TireNo=3
SIM_ABORT	init	20.908s	401.668m
APPLICATION	CarMaker 12.0.4 - Car_Generic #6 (win64-12.0.4)
COMPILED	jetbrains@ed34c7527870 2025-02-17 16:06:31
 
		I/O Configuration: default
SIM_START	init	2026-06-06 21:42:46
TIME	0.000
SIMULATE	init

TIME	29.381
SIM_END		init	29.378s	443.712m
APPLICATION	CarMaker 12.0.4 - Car_Generic #6 (win64-12.0.4)
COMPILED	jetbrains@ed34c7527870 2025-02-17 16:06:31
 
		I/O Configuration: default
SIM_START	init	2026-06-06 21:45:57
TIME	0.000
SIMULATE	init

TIME	23.014
SIM_END		init	23.011s	341.248m
APPLICATION	CarMaker 12.0.4 - Car_Generic #6 (win64-12.0.4)
COMPILED	jetbrains@ed34c7527870 2025-02-17 16:06:31
 
		I/O Configuration: default
SIM_START	init	2026-06-06 21:55:03
TIME	0.000
SIMULATE	init

TIME	21.127
ERROR		Vehicle leaves road at about x=-0.000218507, y=265.519 TireNo=1
SIM_ABORT	init	21.13s	447.872m
APPLICATION	CarMaker 12.0.4 - Car_Generic #6 (win64-12.0.4)
COMPILED	jetbrains@ed34c7527870 2025-02-17 16:06:31
 
		I/O Configuration: default
SIM_START	init	2026-06-06 21:59:48
TIME	0.000
SIMULATE	init

TIME	21.127
ERROR		Vehicle leaves road at about x=-0.000218507, y=265.519 TireNo=1
SIM_ABORT	init	21.13s	447.872m
