APPLICATION	CarMaker 12.0.4 - Car_Generic #6 (win64-12.0.4)
COMPILED	jetbrains@ed34c7527870 2025-02-17 16:06:31
 
		I/O Configuration: default
SIM_START	init	2026-06-07 00:11:32
TIME	0.000
SIMULATE	init

TIME	47.935
SIM_END		init	47.932s	1161.48m
APPLICATION	CarMaker 12.0.4 - Car_Generic #6 (win64-12.0.4)
COMPILED	jetbrains@ed34c7527870 2025-02-17 16:06:31
 
		I/O Configuration: default
SIM_START	init	2026-06-07 00:15:25
TIME	0.000
SIMULATE	init

TIME	45.340
SIM_END		init	45.337s	1100.71m
APPLICATION	CarMaker 12.0.4 - Car_Generic #6 (win64-12.0.4)
COMPILED	jetbrains@ed34c7527870 2025-02-17 16:06:31
 
		I/O Configuration: default
SIM_START	init	2026-06-07 00:16:42
TIME	0.000
SIMULATE	init

TIME	5.359
SIM_END		init	5.356s	14.6025m
APPLICATION	CarMaker 12.0.4 - Car_Generic #6 (win64-12.0.4)
COMPILED	jetbrains@ed34c7527870 2025-02-17 16:06:31
 
		I/O Configuration: default
SIM_START	init	2026-06-07 00:16:55
TIME	0.000
SIMULATE	init

TIME	55.952
SIM_END		init	55.952s	1411.6m
APPLICATION	CarMaker 12.0.4 - Car_Generic #6 (win64-12.0.4)
COMPILED	jetbrains@ed34c7527870 2025-02-17 16:06:31
 
		I/O Configuration: default
SIM_START	init	2026-06-07 00:18:37
TIME	0.000
SIMULATE	init

TIME	55.952
SIM_END		init	55.952s	1599.99m
APPLICATION	CarMaker 12.0.4 - Car_Generic #6 (win64-12.0.4)
COMPILED	jetbrains@ed34c7527870 2025-02-17 16:06:31
 
		I/O Configuration: default
SIM_START	init	2026-06-07 00:22:19
TIME	0.000
SIMULATE	init

TIME	18.284
SIM_END		init	18.281s	269.922m
APPLICATION	CarMaker 12.0.4 - Car_Generic #6 (win64-12.0.4)
COMPILED	jetbrains@ed34c7527870 2025-02-17 16:06:31
 
		I/O Configuration: default
SIM_START	init	2026-06-07 00:22:51
TIME	0.000
SIMULATE	init

TIME	55.952
SIM_END		init	55.952s	1599.99m
APPLICATION	CarMaker 12.0.4 - Car_Generic #6 (win64-12.0.4)
COMPILED	jetbrains@ed34c7527870 2025-02-17 16:06:31
 
		I/O Configuration: default
SIM_START	init	2026-06-07 00:25:34
TIME	0.000
SIMULATE	init

TIME	55.952
SIM_END		init	55.952s	1599.99m
APPLICATION	CarMaker 12.0.4 - Car_Generic #6 (win64-12.0.4)
COMPILED	jetbrains@ed34c7527870 2025-02-17 16:06:31
 
		I/O Configuration: default
SIM_START	init	2026-06-07 00:26:29
TIME	0.000
SIMULATE	init

TIME	55.952
SIM_END		init	55.952s	1596.9m
APPLICATION	CarMaker 12.0.4 - Car_Generic #6 (win64-12.0.4)
COMPILED	jetbrains@ed34c7527870 2025-02-17 16:06:31
 
		I/O Configuration: default
SIM_START	init	2026-06-07 00:34:35
TIME	0.000
SIMULATE	init

TIME	43.277
SIM_END		init	43.274s	883.074m
APPLICATION	CarMaker 12.0.4 - Car_Generic #6 (win64-12.0.4)
COMPILED	jetbrains@ed34c7527870 2025-02-17 16:06:31
 
		I/O Configuration: default
SIM_START	init	2026-06-07 00:35:10
TIME	0.000
SIMULATE	init

TIME	34.384
SIM_END		init	34.381s	612.85m
APPLICATION	CarMaker 12.0.4 - Car_Generic #6 (win64-12.0.4)
COMPILED	jetbrains@ed34c7527870 2025-02-17 16:06:31
 
		I/O Configuration: default
SIM_START	init	2026-06-07 00:39:10
TIME	0.000
SIMULATE	init

TIME	7.633
SIM_END		init	7.63s	42.71m
APPLICATION	CarMaker 12.0.4 - Car_Generic #6 (win64-12.0.4)
COMPILED	jetbrains@ed34c7527870 2025-02-17 16:06:31
 
		I/O Configuration: default
SIM_START	init	2026-06-07 00:39:24
TIME	0.000
SIMULATE	init

TIME	32.765
SIM_END		init	32.762s	596.575m
APPLICATION	CarMaker 12.0.4 - Car_Generic #6 (win64-12.0.4)
COMPILED	jetbrains@ed34c7527870 2025-02-17 16:06:31
 
		I/O Configuration: default
SIM_START	init	2026-06-07 00:41:16
TIME	0.000
SIMULATE	init

TIME	32.937
SIM_END		init	32.934s	617.717m
APPLICATION	CarMaker 12.0.4 - Car_Generic #6 (win64-12.0.4)
COMPILED	jetbrains@ed34c7527870 2025-02-17 16:06:31
 
		I/O Configuration: default
SIM_START	init	2026-06-07 00:43:57
TIME	0.000
SIMULATE	init

TIME	30.336
SIM_END		init	30.333s	585.895m
APPLICATION	CarMaker 12.0.4 - Car_Generic #6 (win64-12.0.4)
COMPILED	jetbrains@ed34c7527870 2025-02-17 16:06:31
 
		I/O Configuration: default
SIM_START	init	2026-06-07 00:45:10
TIME	0.000
SIMULATE	init

TIME	39.293
SIM_END		init	39.29s	792.234m
APPLICATION	CarMaker 12.0.4 - Car_Generic #6 (win64-12.0.4)
COMPILED	jetbrains@ed34c7527870 2025-02-17 16:06:31
 
		I/O Configuration: default
SIM_START	init	2026-06-07 01:06:23
TIME	0.000
SIMULATE	init

TIME	35.047
SIM_END		init	35.044s	585.931m
APPLICATION	CarMaker 12.0.4 - Car_Generic #6 (win64-12.0.4)
COMPILED	jetbrains@ed34c7527870 2025-02-17 16:06:31
 
		I/O Configuration: default
SIM_START	init	2026-06-07 01:07:27
TIME	0.000
SIMULATE	init

TIME	30.236
SIM_END		init	30.233s	484.742m
APPLICATION	CarMaker 12.0.4 - Car_Generic #6 (win64-12.0.4)
COMPILED	jetbrains@ed34c7527870 2025-02-17 16:06:31
 
		I/O Configuration: default
SIM_START	init	2026-06-07 01:17:06
TIME	0.000
SIMULATE	init

TIME	28.610
SIM_END		init	28.607s	469.738m
