APPLICATION	CarMaker 12.0.4 - Car_Generic #6 (win64-12.0.4)
COMPILED	jetbrains@ed34c7527870 2025-02-17 16:06:31
 
		I/O Configuration: default
SIM_START	init	2026-06-06 14:38:16
TIME	0.000
SIMULATE	init

TIME	10.003
SIM_END		init	10s	87.9875m
APPLICATION	CarMaker 12.0.4 - Car_Generic #6 (win64-12.0.4)
COMPILED	jetbrains@ed34c7527870 2025-02-17 16:06:31
 
		I/O Configuration: default
SIM_START	init	2026-06-06 14:41:48
TIME	0.000
SIMULATE	init

TIME	10.003
SIM_END		init	10s	87.9875m
APPLICATION	CarMaker 12.0.4 - Car_Generic #6 (win64-12.0.4)
COMPILED	jetbrains@ed34c7527870 2025-02-17 16:06:31
 
		I/O Configuration: default
SIM_START	init	2026-06-06 14:46:39
TIME	0.000
SIMULATE	init

ERROR		CarMaker blocks executed in the wrong order or more than once per cycle (possible reasons: duplicate block or algebraic loop in model).
SIM_ABORT	init	0s	0m
APPLICATION	CarMaker 12.0.4 - Car_Generic #6 (win64-12.0.4)
COMPILED	jetbrains@ed34c7527870 2025-02-17 16:06:31
 
		I/O Configuration: default
SIM_START	init	2026-06-06 14:48:10
TIME	0.000
SIMULATE	init

TIME	10.003
SIM_END		init	10s	87.9875m
APPLICATION	CarMaker 12.0.4 - Car_Generic #6 (win64-12.0.4)
COMPILED	jetbrains@ed34c7527870 2025-02-17 16:06:31
 
		I/O Configuration: default
SIM_START	init	2026-06-06 14:50:50
TIME	0.000
SIMULATE	init

TIME	10.003
SIM_END		init	10s	87.9875m
APPLICATION	CarMaker 12.0.4 - Car_Generic #6 (win64-12.0.4)
COMPILED	jetbrains@ed34c7527870 2025-02-17 16:06:31
 
		I/O Configuration: default
SIM_START	init	2026-06-06 14:51:28
TIME	0.000
SIMULATE	init

TIME	10.003
SIM_END		init	10s	87.9875m
APPLICATION	CarMaker 12.0.4 - Car_Generic #6 (win64-12.0.4)
COMPILED	jetbrains@ed34c7527870 2025-02-17 16:06:31
 
		I/O Configuration: default
SIM_START	init	2026-06-06 14:52:59
TIME	0.000
SIMULATE	init

TIME	6.315
WARNING		IPGDriver: Problems for driver: I'm stopping my activities (time = 6.315000, ErrInd = 102). (id=200)
TIME	10.003
SIM_END		init	10s	23.7845m
APPLICATION	CarMaker 12.0.4 - Car_Generic #6 (win64-12.0.4)
COMPILED	jetbrains@ed34c7527870 2025-02-17 16:06:31
 
		I/O Configuration: default
SIM_START	init	2026-06-06 14:53:46
TIME	0.000
SIMULATE	init

TIME	9.332
SIM_END		init	9.329s	6.15674m
APPLICATION	CarMaker 12.0.4 - Car_Generic #6 (win64-12.0.4)
COMPILED	jetbrains@ed34c7527870 2025-02-17 16:06:31
 
		I/O Configuration: default
SIM_START	init	2026-06-06 14:57:12
TIME	0.000
SIMULATE	init

TIME	10.003
SIM_END		init	10s	87.9875m
APPLICATION	CarMaker 12.0.4 - Car_Generic #6 (win64-12.0.4)
COMPILED	jetbrains@ed34c7527870 2025-02-17 16:06:31
 
		I/O Configuration: default
SIM_START	init	2026-06-06 14:58:26
TIME	0.000
SIMULATE	init

TIME	8.537
SIM_END		init	8.534s	58.0443m
APPLICATION	CarMaker 12.0.4 - Car_Generic #6 (win64-12.0.4)
COMPILED	jetbrains@ed34c7527870 2025-02-17 16:06:31
 
		I/O Configuration: default
SIM_START	init	2026-06-06 14:59:09
TIME	0.000
SIMULATE	init

TIME	71.397
SIM_END		init	71.394s	5.90981m
APPLICATION	CarMaker 12.0.4 - Car_Generic #6 (win64-12.0.4)
COMPILED	jetbrains@ed34c7527870 2025-02-17 16:06:31
 
		I/O Configuration: default
SIM_START	init	2026-06-06 15:01:15
TIME	0.000
SIMULATE	init

TIME	10.822
SIM_END		init	10.819s	1.2559m
APPLICATION	CarMaker 12.0.4 - Car_Generic #6 (win64-12.0.4)
COMPILED	jetbrains@ed34c7527870 2025-02-17 16:06:31
 
		I/O Configuration: default
SIM_START	init	2026-06-06 15:01:58
TIME	0.000
SIMULATE	init

TIME	8.603
SIM_END		init	8.6s	1.19488m
APPLICATION	CarMaker 12.0.4 - Car_Generic #6 (win64-12.0.4)
COMPILED	jetbrains@ed34c7527870 2025-02-17 16:06:31
 
		I/O Configuration: default
SIM_START	init	2026-06-06 15:02:15
TIME	0.000
SIMULATE	init

TIME	16.817
SIM_END		init	16.814s	1.39333m
APPLICATION	CarMaker 12.0.4 - Car_Generic #6 (win64-12.0.4)
COMPILED	jetbrains@ed34c7527870 2025-02-17 16:06:31
 
		I/O Configuration: default
SIM_START	init	2026-06-06 15:03:13
TIME	0.000
SIMULATE	init

TIME	14.748
SIM_END		init	14.745s	1.34972m
APPLICATION	CarMaker 12.0.4 - Car_Generic #6 (win64-12.0.4)
COMPILED	jetbrains@ed34c7527870 2025-02-17 16:06:31
 
		I/O Configuration: default
SIM_START	init	2026-06-06 15:05:58
TIME	0.000
SIMULATE	init

TIME	24.191
SIM_END		init	24.188s	1.52364m
APPLICATION	CarMaker 12.0.4 - Car_Generic #6 (win64-12.0.4)
COMPILED	jetbrains@ed34c7527870 2025-02-17 16:06:31
 
		I/O Configuration: default
SIM_START	init	2026-06-06 15:07:39
TIME	0.000
SIMULATE	init

TIME	13.000
SIM_END		init	12.997s	1.30984m
APPLICATION	CarMaker 12.0.4 - Car_Generic #6 (win64-12.0.4)
COMPILED	jetbrains@ed34c7527870 2025-02-17 16:06:31
 
		I/O Configuration: default
SIM_START	init	2026-06-06 15:09:12
TIME	0.000
SIMULATE	init

TIME	49.531
SIM_END		init	49.528s	1.73925m
APPLICATION	CarMaker 12.0.4 - Car_Generic #6 (win64-12.0.4)
COMPILED	jetbrains@ed34c7527870 2025-02-17 16:06:31
 
		I/O Configuration: default
SIM_START	init	2026-06-06 15:10:19
TIME	0.000
SIMULATE	init

TIME	62.087
SIM_END		init	62.084s	1.78765m
APPLICATION	CarMaker 12.0.4 - Car_Generic #6 (win64-12.0.4)
COMPILED	jetbrains@ed34c7527870 2025-02-17 16:06:31
 
		I/O Configuration: default
SIM_START	init	2026-06-06 15:10:57
TIME	0.000
SIMULATE	init

TIME	56.950
SIM_END		init	56.947s	1.76977m
APPLICATION	CarMaker 12.0.4 - Car_Generic #6 (win64-12.0.4)
COMPILED	jetbrains@ed34c7527870 2025-02-17 16:06:31
 
		I/O Configuration: default
SIM_START	init	2026-06-06 15:12:13
TIME	0.000
SIMULATE	init

TIME	18.598
SIM_END		init	18.595s	2.10745m
APPLICATION	CarMaker 12.0.4 - Car_Generic #6 (win64-12.0.4)
COMPILED	jetbrains@ed34c7527870 2025-02-17 16:06:31
 
		I/O Configuration: default
SIM_START	init	2026-06-06 15:12:44
TIME	0.000
SIMULATE	init

TIME	100.003
SIM_END		init	100s	1.87149m
APPLICATION	CarMaker 12.0.4 - Car_Generic #6 (win64-12.0.4)
COMPILED	jetbrains@ed34c7527870 2025-02-17 16:06:31
 
		I/O Configuration: default
SIM_START	init	2026-06-06 15:14:01
TIME	0.000
SIMULATE	init

TIME	41.490
SIM_END		init	41.487s	956.139m
APPLICATION	CarMaker 12.0.4 - Car_Generic #6 (win64-12.0.4)
COMPILED	jetbrains@ed34c7527870 2025-02-17 16:06:31
 
		I/O Configuration: default
SIM_START	init	2026-06-06 15:15:17
TIME	0.000
SIMULATE	init

TIME	45.600
SIM_END		init	45.597s	965.573m
APPLICATION	CarMaker 12.0.4 - Car_Generic #6 (win64-12.0.4)
COMPILED	jetbrains@ed34c7527870 2025-02-17 16:06:31
 
		I/O Configuration: default
SIM_START	init	2026-06-06 15:18:14
TIME	0.000
SIMULATE	init

TIME	23.399
SIM_END		init	23.396s	429.434m
APPLICATION	CarMaker 12.0.4 - Car_Generic #6 (win64-12.0.4)
COMPILED	jetbrains@ed34c7527870 2025-02-17 16:06:31
 
		I/O Configuration: default
SIM_START	init	2026-06-06 15:18:44
TIME	0.000
SIMULATE	init

TIME	46.120
ERROR		Vehicle leaves road at about x=-0.0310202, y=-305.499 TireNo=1
SIM_ABORT	init	46.123s	987.378m
APPLICATION	CarMaker 12.0.4 - Car_Generic #6 (win64-12.0.4)
COMPILED	jetbrains@ed34c7527870 2025-02-17 16:06:31
 
		I/O Configuration: default
SIM_START	init	2026-06-06 15:23:40
TIME	0.000
SIMULATE	init

TIME	19.537
SIM_END		init	19.534s	196.059m
APPLICATION	CarMaker 12.0.4 - Car_Generic #6 (win64-12.0.4)
COMPILED	jetbrains@ed34c7527870 2025-02-17 16:06:31
 
		I/O Configuration: default
SIM_START	init	2026-06-06 15:24:39
TIME	0.000
SIMULATE	init

TIME	16.578
SIM_END		init	16.575s	135.361m
