APPLICATION	CarMaker 12.0.4 - Car_Generic #6 (win64-12.0.4)
COMPILED	jetbrains@ed34c7527870 2025-02-17 16:06:31
 
		I/O Configuration: default
SIM_START	init	2026-06-09 13:12:23
TIME	0.000
SIMULATE	init

TIME	26.089
SIM_END		init	26.086s	280.048m
APPLICATION	CarMaker 12.0.4 - Car_Generic #6 (win64-12.0.4)
COMPILED	jetbrains@ed34c7527870 2025-02-17 16:06:31
 
		I/O Configuration: default
SIM_START	init	2026-06-09 13:14:09
TIME	0.000
SIMULATE	init

TIME	46.290
SIM_END		init	46.287s	841.423m
APPLICATION	CarMaker 12.0.4 - Car_Generic #6 (win64-12.0.4)
COMPILED	jetbrains@ed34c7527870 2025-02-17 16:06:31
 
		I/O Configuration: default
SIM_START	init	2026-06-09 13:17:08
TIME	0.000
SIMULATE	init

TIME	41.107
SIM_END		init	41.104s	689.441m
APPLICATION	CarMaker 12.0.4 - Car_Generic #6 (win64-12.0.4)
COMPILED	jetbrains@ed34c7527870 2025-02-17 16:06:31
 
		I/O Configuration: default
SIM_START	init	2026-06-09 13:20:15
TIME	0.000
SIMULATE	init

TIME	45.044
SIM_END		init	45.041s	804.405m
APPLICATION	CarMaker 12.0.4 - Car_Generic #6 (win64-12.0.4)
COMPILED	jetbrains@ed34c7527870 2025-02-17 16:06:31
 
		I/O Configuration: default
SIM_START	init	2026-06-09 13:25:14
TIME	0.000
SIMULATE	init

TIME	42.990
SIM_END		init	42.987s	742.896m
APPLICATION	CarMaker 12.0.4 - Car_Generic #6 (win64-12.0.4)
COMPILED	jetbrains@ed34c7527870 2025-02-17 16:06:31
 
		I/O Configuration: default
SIM_START	init	2026-06-09 13:28:04
TIME	0.000
SIMULATE	init

TIME	45.748
SIM_END		init	45.745s	828.218m
APPLICATION	CarMaker 12.0.4 - Car_Generic #6 (win64-12.0.4)
COMPILED	jetbrains@ed34c7527870 2025-02-17 16:06:31
 
		I/O Configuration: default
SIM_START	init	2026-06-09 13:31:46
TIME	0.000
SIMULATE	init

TIME	41.476
SIM_END		init	41.473s	700.202m
APPLICATION	CarMaker 12.0.4 - Car_Generic #6 (win64-12.0.4)
COMPILED	jetbrains@ed34c7527870 2025-02-17 16:06:31
 
		I/O Configuration: default
SIM_START	init	2026-06-09 13:33:11
TIME	0.000
SIMULATE	init

TIME	42.779
SIM_END		init	42.776s	736.824m
APPLICATION	CarMaker 12.0.4 - Car_Generic #6 (win64-12.0.4)
COMPILED	jetbrains@ed34c7527870 2025-02-17 16:06:31
 
		I/O Configuration: default
SIM_START	init	2026-06-09 13:34:38
TIME	0.000
SIMULATE	init

TIME	43.417
SIM_END		init	43.414s	756.509m
APPLICATION	CarMaker 12.0.4 - Car_Generic #6 (win64-12.0.4)
COMPILED	jetbrains@ed34c7527870 2025-02-17 16:06:31
 
		I/O Configuration: default
SIM_START	init	2026-06-09 13:36:16
TIME	0.000
SIMULATE	init

TIME	43.469
SIM_END		init	43.466s	756.704m
APPLICATION	CarMaker 12.0.4 - Car_Generic #6 (win64-12.0.4)
COMPILED	jetbrains@ed34c7527870 2025-02-17 16:06:31
 
		I/O Configuration: default
SIM_START	init	2026-06-09 13:37:54
TIME	0.000
SIMULATE	init

TIME	43.014
SIM_END		init	43.011s	743.844m
APPLICATION	CarMaker 12.0.4 - Car_Generic #6 (win64-12.0.4)
COMPILED	jetbrains@ed34c7527870 2025-02-17 16:06:31
 
		I/O Configuration: default
SIM_START	init	2026-06-09 13:39:18
TIME	0.000
SIMULATE	init

TIME	42.088
SIM_END		init	42.085s	717.337m
