APPLICATION	CarMaker 12.0.4 - Car_Generic #6 (win64-12.0.4)
COMPILED	jetbrains@ed34c7527870 2025-02-17 16:06:31
 
		I/O Configuration: default
SIM_START	init	2026-06-06 23:30:50
TIME	0.001
ERROR		Ego Vehicle, Maneuver 0: No maneuver steps defined
ERROR		CM_Main.c: Initialization failed (CM_Main_Begin()=-3)
SIM_ABORT	init	0s	0m
APPLICATION	CarMaker 12.0.4 - Car_Generic #6 (win64-12.0.4)
COMPILED	jetbrains@ed34c7527870 2025-02-17 16:06:31
 
		I/O Configuration: default
SIM_START	init	2026-06-06 23:31:26
TIME	0.001
ERROR		Ego Vehicle, Maneuver 0: No maneuver steps defined
ERROR		CM_Main.c: Initialization failed (CM_Main_Begin()=-3)
SIM_ABORT	init	0s	0m
APPLICATION	CarMaker 12.0.4 - Car_Generic #6 (win64-12.0.4)
COMPILED	jetbrains@ed34c7527870 2025-02-17 16:06:31
 
		I/O Configuration: default
SIM_START	init	2026-06-06 23:32:06
TIME	0.000
SIMULATE	init

TIME	42.789
SIM_END		init	42.786s	497.762m
APPLICATION	CarMaker 12.0.4 - Car_Generic #6 (win64-12.0.4)
COMPILED	jetbrains@ed34c7527870 2025-02-17 16:06:31
 
		I/O Configuration: default
SIM_START	init	2026-06-06 23:33:07
TIME	0.000
SIMULATE	init

TIME	48.553
SIM_END		init	48.55s	578.698m
APPLICATION	CarMaker 12.0.4 - Car_Generic #6 (win64-12.0.4)
COMPILED	jetbrains@ed34c7527870 2025-02-17 16:06:31
 
		I/O Configuration: default
SIM_START	init	2026-06-06 23:34:22
TIME	0.000
SIMULATE	init

TIME	5.049
SIM_END		init	5.046s	11.9423m
APPLICATION	CarMaker 12.0.4 - Car_Generic #6 (win64-12.0.4)
COMPILED	jetbrains@ed34c7527870 2025-02-17 16:06:31
 
		I/O Configuration: default
SIM_START	init	2026-06-06 23:34:44
TIME	0.000
SIMULATE	init

TIME	54.538
SIM_END		init	54.535s	655.5m
APPLICATION	CarMaker 12.0.4 - Car_Generic #6 (win64-12.0.4)
COMPILED	jetbrains@ed34c7527870 2025-02-17 16:06:31
 
		I/O Configuration: default
SIM_START	init	2026-06-06 23:37:37
TIME	0.000
SIMULATE	init

TIME	55.402
SIM_END		init	55.399s	666.574m
APPLICATION	CarMaker 12.0.4 - Car_Generic #6 (win64-12.0.4)
COMPILED	jetbrains@ed34c7527870 2025-02-17 16:06:31
 
		I/O Configuration: default
SIM_START	init	2026-06-06 23:46:44
TIME	0.000
SIMULATE	init

TIME	42.349
SIM_END		init	42.346s	684.545m
APPLICATION	CarMaker 12.0.4 - Car_Generic #6 (win64-12.0.4)
COMPILED	jetbrains@ed34c7527870 2025-02-17 16:06:31
 
		I/O Configuration: default
SIM_START	init	2026-06-06 23:47:50
TIME	0.000
SIMULATE	init

TIME	35.913
SIM_END		init	35.91s	649.04m
APPLICATION	CarMaker 12.0.4 - Car_Generic #6 (win64-12.0.4)
COMPILED	jetbrains@ed34c7527870 2025-02-17 16:06:31
 
		I/O Configuration: default
SIM_START	init	2026-06-06 23:49:09
TIME	0.000
SIMULATE	init

TIME	39.912
SIM_END		init	39.909s	680.83m
APPLICATION	CarMaker 12.0.4 - Car_Generic #6 (win64-12.0.4)
COMPILED	jetbrains@ed34c7527870 2025-02-17 16:06:31
 
		I/O Configuration: default
SIM_START	init	2026-06-06 23:52:42
TIME	0.000
SIMULATE	init

TIME	37.408
SIM_END		init	37.405s	678.078m
APPLICATION	CarMaker 12.0.4 - Car_Generic #6 (win64-12.0.4)
COMPILED	jetbrains@ed34c7527870 2025-02-17 16:06:31
 
		I/O Configuration: default
SIM_START	init	2026-06-06 23:53:50
TIME	0.000
SIMULATE	init

TIME	40.731
SIM_END		init	40.728s	708.354m
APPLICATION	CarMaker 12.0.4 - Car_Generic #6 (win64-12.0.4)
COMPILED	jetbrains@ed34c7527870 2025-02-17 16:06:31
 
		I/O Configuration: default
SIM_START	init	2026-06-06 23:55:03
TIME	0.000
SIMULATE	init

TIME	52.089
SIM_END		init	52.086s	1438.79m
APPLICATION	CarMaker 12.0.4 - Car_Generic #6 (win64-12.0.4)
COMPILED	jetbrains@ed34c7527870 2025-02-17 16:06:31
 
		I/O Configuration: default
SIM_START	init	2026-06-06 23:56:14
TIME	0.000
SIMULATE	init

TIME	44.509
SIM_END		init	44.506s	1073.73m
APPLICATION	CarMaker 12.0.4 - Car_Generic #6 (win64-12.0.4)
COMPILED	jetbrains@ed34c7527870 2025-02-17 16:06:31
 
		I/O Configuration: default
SIM_START	init	2026-06-07 00:02:13
TIME	0.000
SIMULATE	init

TIME	6.286
SIM_END		init	6.283s	24.2457m
