APPLICATION	CarMaker 12.0.4 - Car_Generic #6 (win64-12.0.4)
COMPILED	jetbrains@ed34c7527870 2025-02-17 16:06:31
 
		I/O Configuration: default
SIM_START	init	2026-06-06 22:06:23
TIME	0.000
SIMULATE	init

TIME	20.632
SIM_END		init	20.629s	430.825m
APPLICATION	CarMaker 12.0.4 - Car_Generic #6 (win64-12.0.4)
COMPILED	jetbrains@ed34c7527870 2025-02-17 16:06:31
 
		I/O Configuration: default
SIM_START	init	2026-06-06 22:07:31
TIME	0.000
SIMULATE	init

TIME	22.210
SIM_END		init	22.207s	338.282m
APPLICATION	CarMaker 12.0.4 - Car_Generic #6 (win64-12.0.4)
COMPILED	jetbrains@ed34c7527870 2025-02-17 16:06:31
 
		I/O Configuration: default
SIM_START	init	2026-06-06 22:09:25
TIME	0.000
SIMULATE	init

TIME	37.052
SIM_END		init	37.052s	643.549m
APPLICATION	CarMaker 12.0.4 - Car_Generic #6 (win64-12.0.4)
COMPILED	jetbrains@ed34c7527870 2025-02-17 16:06:31
 
		I/O Configuration: default
SIM_START	init	2026-06-06 22:10:55
TIME	0.000
SIMULATE	init

TIME	24.898
SIM_END		init	24.895s	389.576m
APPLICATION	CarMaker 12.0.4 - Car_Generic #6 (win64-12.0.4)
COMPILED	jetbrains@ed34c7527870 2025-02-17 16:06:31
 
		I/O Configuration: default
SIM_START	init	2026-06-06 22:12:30
TIME	0.000
SIMULATE	init

TIME	23.634
SIM_END		init	23.631s	384.897m
APPLICATION	CarMaker 12.0.4 - Car_Generic #6 (win64-12.0.4)
COMPILED	jetbrains@ed34c7527870 2025-02-17 16:06:31
 
		I/O Configuration: default
SIM_START	init	2026-06-06 22:13:47
TIME	0.000
SIMULATE	init

TIME	22.097
SIM_END		init	22.094s	335.729m
APPLICATION	CarMaker 12.0.4 - Car_Generic #6 (win64-12.0.4)
COMPILED	jetbrains@ed34c7527870 2025-02-17 16:06:31
 
		I/O Configuration: default
SIM_START	init	2026-06-06 22:15:36
TIME	0.000
SIMULATE	init

TIME	21.127
ERROR		Vehicle leaves road at about x=-0.000218507, y=265.519 TireNo=1
SIM_ABORT	init	21.13s	447.872m
APPLICATION	CarMaker 12.0.4 - Car_Generic #6 (win64-12.0.4)
COMPILED	jetbrains@ed34c7527870 2025-02-17 16:06:31
 
		I/O Configuration: default
SIM_START	init	2026-06-06 22:17:43
TIME	0.000
SIMULATE	init

TIME	20.457
SIM_END		init	20.454s	235.77m
APPLICATION	CarMaker 12.0.4 - Car_Generic #6 (win64-12.0.4)
COMPILED	jetbrains@ed34c7527870 2025-02-17 16:06:31
 
		I/O Configuration: default
SIM_START	init	2026-06-06 22:18:40
TIME	0.000
SIMULATE	init

TIME	17.915
SIM_END		init	17.912s	192.692m
APPLICATION	CarMaker 12.0.4 - Car_Generic #6 (win64-12.0.4)
COMPILED	jetbrains@ed34c7527870 2025-02-17 16:06:31
 
		I/O Configuration: default
SIM_START	init	2026-06-06 22:22:10
TIME	0.000
SIMULATE	init

TIME	18.860
SIM_END		init	18.857s	203.188m
APPLICATION	CarMaker 12.0.4 - Car_Generic #6 (win64-12.0.4)
COMPILED	jetbrains@ed34c7527870 2025-02-17 16:06:31
 
		I/O Configuration: default
SIM_START	init	2026-06-06 22:23:27
TIME	0.000
SIMULATE	init

TIME	23.504
SIM_END		init	23.501s	276.565m
APPLICATION	CarMaker 12.0.4 - Car_Generic #6 (win64-12.0.4)
COMPILED	jetbrains@ed34c7527870 2025-02-17 16:06:31
 
		I/O Configuration: default
SIM_START	init	2026-06-06 22:25:49
TIME	0.000
SIMULATE	init

TIME	20.811
SIM_END		init	20.808s	239.073m
APPLICATION	CarMaker 12.0.4 - Car_Generic #6 (win64-12.0.4)
COMPILED	jetbrains@ed34c7527870 2025-02-17 16:06:31
 
		I/O Configuration: default
SIM_START	init	2026-06-06 22:26:40
TIME	0.000
SIMULATE	init

TIME	26.486
SIM_END		init	26.483s	343.068m
APPLICATION	CarMaker 12.0.4 - Car_Generic #6 (win64-12.0.4)
COMPILED	jetbrains@ed34c7527870 2025-02-17 16:06:31
 
		I/O Configuration: default
SIM_START	init	2026-06-06 22:28:30
TIME	0.000
SIMULATE	init

TIME	19.925
SIM_END		init	19.922s	214.878m
APPLICATION	CarMaker 12.0.4 - Car_Generic #6 (win64-12.0.4)
COMPILED	jetbrains@ed34c7527870 2025-02-17 16:06:31
 
		I/O Configuration: default
SIM_START	init	2026-06-06 22:39:00
TIME	0.000
SIMULATE	init

TIME	19.251
SIM_END		init	19.248s	230.441m
APPLICATION	CarMaker 12.0.4 - Car_Generic #6 (win64-12.0.4)
COMPILED	jetbrains@ed34c7527870 2025-02-17 16:06:31
 
		I/O Configuration: default
SIM_START	init	2026-06-06 22:41:12
TIME	0.000
SIMULATE	init

TIME	19.573
SIM_END		init	19.57s	229.23m
APPLICATION	CarMaker 12.0.4 - Car_Generic #6 (win64-12.0.4)
COMPILED	jetbrains@ed34c7527870 2025-02-17 16:06:31
 
		I/O Configuration: default
SIM_START	init	2026-06-06 22:49:54
TIME	0.000
SIMULATE	init

TIME	19.642
SIM_END		init	19.639s	229.649m
APPLICATION	CarMaker 12.0.4 - Car_Generic #6 (win64-12.0.4)
COMPILED	jetbrains@ed34c7527870 2025-02-17 16:06:31
 
		I/O Configuration: default
SIM_START	init	2026-06-06 22:52:47
TIME	0.000
SIMULATE	init

TIME	19.767
SIM_END		init	19.764s	237.413m
APPLICATION	CarMaker 12.0.4 - Car_Generic #6 (win64-12.0.4)
COMPILED	jetbrains@ed34c7527870 2025-02-17 16:06:31
 
		I/O Configuration: default
SIM_START	init	2026-06-06 23:01:59
TIME	0.000
SIMULATE	init

TIME	20.415
SIM_END		init	20.412s	247.19m
APPLICATION	CarMaker 12.0.4 - Car_Generic #6 (win64-12.0.4)
COMPILED	jetbrains@ed34c7527870 2025-02-17 16:06:31
 
		I/O Configuration: default
SIM_START	init	2026-06-06 23:02:58
TIME	0.000
SIMULATE	init

TIME	19.249
SIM_END		init	19.246s	227.468m
APPLICATION	CarMaker 12.0.4 - Car_Generic #6 (win64-12.0.4)
COMPILED	jetbrains@ed34c7527870 2025-02-17 16:06:31
 
		I/O Configuration: default
SIM_START	init	2026-06-06 23:07:18
TIME	0.000
SIMULATE	init

TIME	20.785
SIM_END		init	20.782s	253.292m
APPLICATION	CarMaker 12.0.4 - Car_Generic #6 (win64-12.0.4)
COMPILED	jetbrains@ed34c7527870 2025-02-17 16:06:31
 
		I/O Configuration: default
SIM_START	init	2026-06-06 23:07:59
TIME	0.000
SIMULATE	init

TIME	16.186
SIM_END		init	16.183s	215.22m
APPLICATION	CarMaker 12.0.4 - Car_Generic #6 (win64-12.0.4)
COMPILED	jetbrains@ed34c7527870 2025-02-17 16:06:31
 
		I/O Configuration: default
SIM_START	init	2026-06-06 23:10:05
TIME	0.000
SIMULATE	init

TIME	25.002
SIM_END		init	24.999s	306.511m
APPLICATION	CarMaker 12.0.4 - Car_Generic #6 (win64-12.0.4)
COMPILED	jetbrains@ed34c7527870 2025-02-17 16:06:31
 
		I/O Configuration: default
SIM_START	init	2026-06-06 23:10:53
TIME	0.000
SIMULATE	init

TIME	27.148
SIM_END		init	27.145s	379.473m
APPLICATION	CarMaker 12.0.4 - Car_Generic #6 (win64-12.0.4)
COMPILED	jetbrains@ed34c7527870 2025-02-17 16:06:31
 
		I/O Configuration: default
SIM_START	init	2026-06-06 23:17:27
TIME	0.000
SIMULATE	init

TIME	22.371
SIM_END		init	22.368s	283.257m
APPLICATION	CarMaker 12.0.4 - Car_Generic #6 (win64-12.0.4)
COMPILED	jetbrains@ed34c7527870 2025-02-17 16:06:31
 
		I/O Configuration: default
SIM_START	init	2026-06-06 23:25:52
TIME	0.000
SIMULATE	init

TIME	8.831
ERROR		Vehicle leaves road at about x=75.2001, y=-0.249084 TireNo=0
SIM_ABORT	init	8.834s	62.0867m
APPLICATION	CarMaker 12.0.4 - Car_Generic #6 (win64-12.0.4)
COMPILED	jetbrains@ed34c7527870 2025-02-17 16:06:31
 
		I/O Configuration: default
SIM_START	init	2026-06-06 23:26:45
TIME	0.001
ERROR		Ego Vehicle, Maneuver 0: No maneuver steps defined
ERROR		CM_Main.c: Initialization failed (CM_Main_Begin()=-3)
SIM_ABORT	init	0s	0m
APPLICATION	CarMaker 12.0.4 - Car_Generic #6 (win64-12.0.4)
COMPILED	jetbrains@ed34c7527870 2025-02-17 16:06:31
 
		I/O Configuration: default
SIM_START	init	2026-06-06 23:27:06
TIME	0.001
ERROR		Ego Vehicle, Maneuver 0: No maneuver steps defined
ERROR		CM_Main.c: Initialization failed (CM_Main_Begin()=-3)
SIM_ABORT	init	0s	0m
APPLICATION	CarMaker 12.0.4 - Car_Generic #6 (win64-12.0.4)
COMPILED	jetbrains@ed34c7527870 2025-02-17 16:06:31
 
		I/O Configuration: default
SIM_START	init	2026-06-06 23:27:52
TIME	0.001
ERROR		Ego Vehicle, Maneuver 0: No maneuver steps defined
ERROR		CM_Main.c: Initialization failed (CM_Main_Begin()=-3)
SIM_ABORT	init	0s	0m
