APPLICATION	CarMaker 12.0.4 - Car_Generic #6 (win64-12.0.4)
COMPILED	jetbrains@ed34c7527870 2025-02-17 16:06:31
 
		I/O Configuration: default
SIM_START	init	2026-06-08 19:44:22
TIME	0.000
SIMULATE	init

TIME	49.937
ERROR		Vehicle leaves road at about x=173.659, y=159.597 TireNo=0
SIM_ABORT	init	49.94s	939.9m
APPLICATION	CarMaker 12.0.4 - Car_Generic #6 (win64-12.0.4)
COMPILED	jetbrains@ed34c7527870 2025-02-17 16:06:31
 
		I/O Configuration: default
SIM_START	init	2026-06-08 19:59:20
TIME	0.000
SIMULATE	init

TIME	49.937
ERROR		Vehicle leaves road at about x=173.659, y=159.597 TireNo=0
SIM_ABORT	init	49.94s	939.9m
APPLICATION	CarMaker 12.0.4 - Car_Generic #6 (win64-12.0.4)
COMPILED	jetbrains@ed34c7527870 2025-02-17 16:06:31
 
		I/O Configuration: default
SIM_START	init	2026-06-08 20:02:55
TIME	0.000
SIMULATE	init

TIME	49.937
ERROR		Vehicle leaves road at about x=173.659, y=159.597 TireNo=0
SIM_ABORT	init	49.94s	939.9m
APPLICATION	CarMaker 12.0.4 - Car_Generic #6 (win64-12.0.4)
COMPILED	jetbrains@ed34c7527870 2025-02-17 16:06:31
 
		I/O Configuration: default
SIM_START	init	2026-06-08 20:08:09
TIME	0.000
SIMULATE	init

TIME	24.803
SIM_END		init	24.8s	252.787m
APPLICATION	CarMaker 12.0.4 - Car_Generic #6 (win64-12.0.4)
COMPILED	jetbrains@ed34c7527870 2025-02-17 16:06:31
 
		I/O Configuration: default
SIM_START	init	2026-06-08 20:09:58
TIME	0.000
SIMULATE	init

TIME	36.195
SIM_END		init	36.192s	541.607m
APPLICATION	CarMaker 12.0.4 - Car_Generic #6 (win64-12.0.4)
COMPILED	jetbrains@ed34c7527870 2025-02-17 16:06:31
 
		I/O Configuration: default
SIM_START	init	2026-06-08 20:11:09
TIME	0.000
SIMULATE	init

TIME	49.937
ERROR		Vehicle leaves road at about x=173.659, y=159.597 TireNo=0
SIM_ABORT	init	49.94s	939.9m
APPLICATION	CarMaker 12.0.4 - Car_Generic #6 (win64-12.0.4)
COMPILED	jetbrains@ed34c7527870 2025-02-17 16:06:31
 
		I/O Configuration: default
SIM_START	init	2026-06-08 20:12:54
TIME	0.000
SIMULATE	init

TIME	49.435
ERROR		Vehicle leaves road at about x=189.187, y=131.977 TireNo=0
SIM_ABORT	init	49.438s	908.618m
APPLICATION	CarMaker 12.0.4 - Car_Generic #6 (win64-12.0.4)
COMPILED	jetbrains@ed34c7527870 2025-02-17 16:06:31
 
		I/O Configuration: default
SIM_START	init	2026-06-08 20:16:07
TIME	0.000
SIMULATE	init

TIME	44.706
SIM_END		init	44.703s	784.68m
APPLICATION	CarMaker 12.0.4 - Car_Generic #6 (win64-12.0.4)
COMPILED	jetbrains@ed34c7527870 2025-02-17 16:06:31
 
		I/O Configuration: default
SIM_START	init	2026-06-08 20:17:10
TIME	0.000
SIMULATE	init

TIME	44.081
SIM_END		init	44.078s	775.164m
