

SYSTEM_START	-	51-RM-LAB18	51-RM-LAB18	2025-11-26 14:23:16


SYSTEM_INFO	CarMaker 12.0.1 - Car_Generic #3	jetbrains@66e0c34c4bd1 2023-05-24 12:39:09	(12.0.1 jetbrains@66e0c34c4bd1 2023-05-24 12:29:03)
SIM	1764163396	51-RM-LAB18			0	0	0
SIM	1764163397	51-RM-LAB18	E	unknown	0	60	1313.65
SIM	1764163438	51-RM-LAB18	E	unknown	0	60	1313.65
SIM	1764163451	51-RM-LAB18	E	unknown	0	60	1313.65
SIM	1764163568	51-RM-LAB18	E	unknown	0	19.108	409.286
SIM	1764163610	51-RM-LAB18	E	unknown	0	60	1313.17
SIM	1764164299	51-RM-LAB18	E	unknown	0	60	1313.65
SIM	1764166244	51-RM-LAB18	E	unknown	0	60	1313.65
SIM	1764166347	51-RM-LAB18	E	unknown	0	18.027	385.661
SIM	1764166367	51-RM-LAB18	E	unknown	0	32.084	694.763
SIM	1764166402	51-RM-LAB18	E	unknown	0	60	1313.65
SIM	1764166471	51-RM-LAB18	E	unknown	0	7.731	162.9
SIM	1764166568	51-RM-LAB18	E	unknown	0	26.754	577.167
SIM	1764166598	51-RM-LAB18	E	unknown	0	15.809	337.299
SIM	1764166616	51-RM-LAB18	E	unknown	0	27.191	586.794
SIM	1764166664	51-RM-LAB18	E	unknown	0	60	1313.65
SIM	1764167268	51-RM-LAB18	E	unknown	0	60	1313.83
SIM	1764167335	51-RM-LAB18	E	unknown	0	60	1313.71
SIM	1764167399	51-RM-LAB18	E	unknown	0	60	1313.65
SIM	1764167766	51-RM-LAB18	E	unknown	0	60	1313.65
SIM	1764167908	51-RM-LAB18	E	const_vel80	0	60	1313.65
SIM	1764167972	51-RM-LAB18	E	const_vel80	1	0	1313.65
SIM	1764168019	51-RM-LAB18	E	const_vel80	0	14.673	312.635
SIM	1764168159	51-RM-LAB18	E	const_vel80	0	60	731.129
SIM	1764168230	51-RM-LAB18	E	const_vel80	0	28.794	618.6
SIM	1764168382	51-RM-LAB18	E	const_vel80	0	60	1016.59
SIM	1764168466	51-RM-LAB18	E	const_vel80	0	60	1312.97
SIM	1764168622	51-RM-LAB18	E	const_vel80	0	60	963.363
SIM	1764168714	51-RM-LAB18	E	const_vel80	0	60	1221.23
SIM	1764168782	51-RM-LAB18	E	const_vel80	0	60	1225.59
SIM	1764168864	51-RM-LAB18	E	const_vel80	0	60	1225.76
SIM	1764168943	51-RM-LAB18	E	const_vel80	0	27.233	560.111
SIM	1764168975	51-RM-LAB18	E	const_vel80	1	0.41	8.42457
SIM	1764168992	51-RM-LAB18	E	const_vel80	0	27.305	561.565
SIM	1764169125	51-RM-LAB18	E	stat_circle80	0	45.737	386.774
SIM	1764169175	51-RM-LAB18	E	stat_circle80	0	5	23.6796
SIM	1764170638	51-RM-LAB18	E	stat_circle80	0	18.062	1.19066
SIM	1764170734	51-RM-LAB18	E	stat_circle80	0	54.053	1034.51
SIM	1764170793	51-RM-LAB18	E	stat_circle80	0	56.051	1088.84
SIM	1764170904	51-RM-LAB18	E	stat_circle80	0	56.051	988.486
SIM	1764171007	51-RM-LAB18	E	stat_circle80	0	20.373	1.24571
SIM	1764171035	51-RM-LAB18	E	stat_circle80	0	8.295	0.959574
SIM	1764171060	51-RM-LAB18	E	stat_circle80	0	18.001	158.415
SIM	1764171084	51-RM-LAB18	E	stat_circle80	0	26.034	484.561
SIM	1764171114	51-RM-LAB18	E	stat_circle80	0	47.494	961.45
SIM	1764171283	51-RM-LAB18	E	acceleration_to80	0	3.732	29.5521
SIM	1764171308	51-RM-LAB18	E	acceleration_to80	0	30.304	30.52
SIM	1764171358	51-RM-LAB18	E	acceleration_to80	0	24.399	30.5062
SIM	1764171456	51-RM-LAB18	E	acceleration_to80	0	10.002	30.3107
SIM	1764171472	51-RM-LAB18	E	acceleration_to80	0	5.883	122.237
SIM	1764171490	51-RM-LAB18	E	acceleration_to80	0	14.622	145.226
SIM	1764172230	51-RM-LAB18	E	Examples/VehicleDynamics/Braking/Braking	0	17.923	208.437
SIM	1764172351	51-RM-LAB18	E	const_vel80	0	23.377	502.873
SIM	1764172403	51-RM-LAB18	E	const_vel80	0	13.497	298.719
SIM	1764172534	51-RM-LAB18	E	const_vel80	0	60	1331.47
SIM	1764172799	51-RM-LAB18	E	const_vel80	0	60	1331.47
SIM	1764172955	51-RM-LAB18	E	const_vel80	0	60	1331.47
SIM	1764173097	51-RM-LAB18	E	const_vel80	0	60	1331.47
SIM	1764173157	51-RM-LAB18	E	const_vel80	0	60	1331.47
SIM	1764173199	51-RM-LAB18	E	const_vel80	0	60	1331.47
SIM	1764173220	51-RM-LAB18	E	stat_circle80	0	101.629	2.07507
SIM	1764173328	51-RM-LAB18	E	stat_circle80	0	60	967.959
SIM	1764173350	51-RM-LAB18	E	stat_circle80	0	8.638	165.437
SIM	1764173360	51-RM-LAB18	E	stat_circle80	0	48.221	784.148
SIM	1764173380	51-RM-LAB18	E	const_vel80	0	60	1331.47
SIM	1764173402	51-RM-LAB18	E	stat_circle80	0	60	967.959
SIM	1764173514	51-RM-LAB18	E	stat_circle80	0	9.085	172.475
SIM	1764173528	51-RM-LAB18	E	const_vel80	0	60	1331.47
SIM	1764173549	51-RM-LAB18	E	stat_circle80	0	60	967.959
SIM	1764173571	51-RM-LAB18	E	acceleration_to80	0	47.494	961.45
SIM	1764173589	51-RM-LAB18	E	decceleration_from80	0	14.622	145.226
SIM	1764174075	51-RM-LAB18	E	const_vel80	0	60	1331.47
SIM	1764174098	51-RM-LAB18	E	stat_circle80	0	60	967.959
SIM	1764174118	51-RM-LAB18	E	acceleration_to80	0	47.494	961.45
SIM	1764174138	51-RM-LAB18	E	decceleration_from80	0	14.622	145.226
SIM	1764174338	51-RM-LAB18	E	const_vel80	0	60	1331.47
SIM	1764174372	51-RM-LAB18	E	stat_circle80	0	60	967.959
SIM	1764174394	51-RM-LAB18	E	acceleration_to80	0	47.494	961.45
SIM	1764174412	51-RM-LAB18	E	decceleration_from80	0	14.622	145.226
SIM	1764174629	51-RM-LAB18	E	const_vel80	0	60	1331.47
SIM	1764174651	51-RM-LAB18	E	stat_circle80	0	60	967.959
SIM	1764174673	51-RM-LAB18	E	acceleration_to80	0	47.494	961.45
SIM	1764174692	51-RM-LAB18	E	decceleration_from80	0	14.622	145.226
SIM	1764174935	51-RM-LAB18	E	const_vel80	0	60	1331.47
SIM	1764175085	51-RM-LAB18	E	const_vel80	0	60	1331.47
SIM	1764175143	51-RM-LAB18	E	const_vel80	0	60	1331.47
SIM	1764175189	51-RM-LAB18	E	const_vel80	0	60	1331.47
SIM	1764175210	51-RM-LAB18	E	stat_circle80	0	60	967.959
SIM	1764175232	51-RM-LAB18	E	acceleration_to80	0	47.494	961.45
SIM	1764175250	51-RM-LAB18	E	decceleration_from80	0	14.622	145.226
SIM	1764175554	51-RM-LAB18	E	decceleration_from80	0	14.622	145.226
SIM	1764175753	51-RM-LAB18	E	const_vel80	0	60	1331.47
SIM	1764175774	51-RM-LAB18	E	stat_circle80	0	60	967.959
SIM	1764175795	51-RM-LAB18	E	acceleration_to80	0	47.494	961.45
SIM	1764175814	51-RM-LAB18	E	decceleration_from80	0	14.622	145.226
SIM	1764175929	51-RM-LAB18	E	decceleration_from80	0	14.622	145.226
SIM	1764176442	51-RM-LAB18	E	const_vel80	0	60	1331.47
SIM	1764176463	51-RM-LAB18	E	stat_circle80	0	60	967.959
SIM	1764176486	51-RM-LAB18	E	acceleration_to80	0	47.494	961.45
SIM	1764176509	51-RM-LAB18	E	decceleration_from80	0	0	0
SIM	1764176645	51-RM-LAB18	E	const_vel80	0	60	1331.47
SIM	1764176666	51-RM-LAB18	E	stat_circle80	0	60	967.959
SIM	1764176688	51-RM-LAB18	E	acceleration_to80	0	47.494	961.45
SIM	1764176707	51-RM-LAB18	E	decceleration_from80	0	14.622	145.226
SIM	1764176890	51-RM-LAB18	E	const_vel80	0	60	1331.47
SIM	1764176911	51-RM-LAB18	E	stat_circle80	0	60	967.959
SIM	1764176934	51-RM-LAB18	E	acceleration_to80	0	47.494	961.45
SIM	1764176952	51-RM-LAB18	E	decceleration_from80	0	14.622	145.226
SIM	1764177178	51-RM-LAB18	E	decceleration_from80	0	0	0
SIM	1764177189	51-RM-LAB18	E	const_vel80	0	60	1331.47
SIM	1764177202	51-RM-LAB18	E	stat_circle80	0	60	967.959
SIM	1764177214	51-RM-LAB18	E	acceleration_to80	0	47.494	961.45
SIM	1764177227	51-RM-LAB18	E	decceleration_from80	0	14.622	145.226
SIM	1764177349	51-RM-LAB18	E	const_vel80	0	60	1331.47
SIM	1764177361	51-RM-LAB18	E	stat_circle80	0	60	967.959
SIM	1764177374	51-RM-LAB18	E	acceleration_to80	0	47.494	961.45
SIM	1764177386	51-RM-LAB18	E	decceleration_from80	0	14.622	145.226
SIM	1764177480	51-RM-LAB18	E	const_vel80	0	60	1331.47
SIM	1764177494	51-RM-LAB18	E	stat_circle80	0	60	967.959
SIM	1764177507	51-RM-LAB18	E	acceleration_to80	0	47.494	961.45
SIM	1764177522	51-RM-LAB18	E	decceleration_from80	0	14.622	145.226
SIM	1764177702	51-RM-LAB18	E	const_vel80	0	60	1331.47
SIM	1764177714	51-RM-LAB18	E	stat_circle80	0	60	967.959
SIM	1764177728	51-RM-LAB18	E	acceleration_to80	0	47.494	961.45
SIM	1764177739	51-RM-LAB18	E	decceleration_from80	0	14.622	145.226
SIM	1764177851	51-RM-LAB18	E	const_vel80	0	60	1331.47
SIM	1764177866	51-RM-LAB18	E	stat_circle80	0	60	967.959
SIM	1764177879	51-RM-LAB18	E	acceleration_to80	0	47.494	961.45
SIM	1764177892	51-RM-LAB18	E	decceleration_from80	0	14.622	145.226
SIM	1764177994	51-RM-LAB18	E	const_vel80	0	60	1331.47
SIM	1764178007	51-RM-LAB18	E	stat_circle80	0	60	967.959
SIM	1764178020	51-RM-LAB18	E	acceleration_to80	0	47.494	961.45
SIM	1764178031	51-RM-LAB18	E	decceleration_from80	0	14.622	145.226
SIM	1764179027	51-RM-LAB18	E	const_vel80	0	60	1331.47
SIM	1764179039	51-RM-LAB18	E	stat_circle80	0	60	967.959
SIM	1764179051	51-RM-LAB18	E	acceleration_to80	0	47.494	961.45
SIM	1764179062	51-RM-LAB18	E	decceleration_from80	0	14.622	145.226
