APPLICATION	CarMaker 12.0.1 - Car_Generic #3 (win64-12.0.1)
COMPILED	jetbrains@66e0c34c4bd1 2023-05-24 12:39:09
 
		I/O Configuration: default
FIRST_INIT	(internal default used)	2025-11-26 14:23:16
TIME	0.000
SIM_END			0s	0m
IDLE	14:23:16
SIM_START	unknown	2025-11-26 14:23:17
TIME	0.000
SIMULATE	unknown

TIME	60.008
SIM_END		unknown	60s	1313.65m
TIME	63.747
SIM_START	unknown	2025-11-26 14:23:58
TIME	0.040
WARNING		Cannot start simulation, must be in state 'Idle' (currently 'StartWait')
WARNING		Cannot start simulation, must be in state 'Idle' (currently 'StartWaitAnim')
TIME	0.000
SIMULATE	unknown

TIME	58.094
WARNING		Cannot start simulation, must be in state 'Idle' (currently 'Simulate')
SIM_END		unknown	60s	1313.65m
TIME	60.877
SIM_START	unknown	2025-11-26 14:24:11
TIME	0.000
SIMULATE	unknown

TIME	60.002
SIM_END		unknown	60s	1313.65m
TIME	65.502
SIM_START	unknown	2025-11-26 14:26:08
TIME	0.000
SIMULATE	unknown

TIME	19.110
SIM_END		unknown	19.108s	409.286m
TIME	21.171
SIM_START	unknown	2025-11-26 14:26:50
TIME	0.000
SIMULATE	unknown

TIME	60.002
SIM_END		unknown	60s	1313.17m
TIME	122.716
SIM_START	unknown	2025-11-26 14:38:19
TIME	0.000
SIMULATE	unknown

TIME	60.002
SIM_END		unknown	60s	1313.65m
TIME	248.250
SIM_START	unknown	2025-11-26 15:10:44
TIME	0.000
SIMULATE	unknown

TIME	60.002
SIM_END		unknown	60s	1313.65m
TIME	64.180
SIM_START	unknown	2025-11-26 15:12:27
TIME	0.000
SIMULATE	unknown

TIME	18.029
SIM_END		unknown	18.027s	385.661m
SIM_START	unknown	2025-11-26 15:12:47
TIME	0.000
SIMULATE	unknown

TIME	32.086
SIM_END		unknown	32.084s	694.763m
SIM_START	unknown	2025-11-26 15:13:22
TIME	0.000
SIMULATE	unknown

TIME	60.002
SIM_END		unknown	60s	1313.65m
SIM_START	unknown	2025-11-26 15:14:31
TIME	0.000
SIMULATE	unknown

TIME	7.733
SIM_END		unknown	7.731s	162.9m
TIME	16.592
SIM_START	unknown	2025-11-26 15:16:08
TIME	0.000
SIMULATE	unknown

TIME	26.756
SIM_END		unknown	26.754s	577.167m
SIM_START	unknown	2025-11-26 15:16:38
TIME	0.000
SIMULATE	unknown

TIME	15.811
SIM_END		unknown	15.809s	337.299m
SIM_START	unknown	2025-11-26 15:16:56
TIME	0.000
SIMULATE	unknown

TIME	27.193
SIM_END		unknown	27.191s	586.794m
TIME	29.257
SIM_START	unknown	2025-11-26 15:17:44
TIME	0.000
SIMULATE	unknown

TIME	60.002
SIM_END		unknown	60s	1313.65m
TIME	114.253
SIM_START	unknown	2025-11-26 15:27:48
TIME	0.000
SIMULATE	unknown

TIME	60.002
SIM_END		unknown	60s	1313.83m
SIM_START	unknown	2025-11-26 15:28:55
TIME	0.000
SIMULATE	unknown

TIME	60.002
SIM_END		unknown	60s	1313.71m
SIM_START	unknown	2025-11-26 15:29:59
TIME	0.000
SIMULATE	unknown

TIME	60.002
SIM_END		unknown	60s	1313.65m
TIME	90.512
SIM_START	unknown	2025-11-26 15:36:06
TIME	0.000
SIMULATE	unknown

TIME	60.002
SIM_END		unknown	60s	1313.65m
TIME	68.109
SIM_START	const_vel80	2025-11-26 15:38:28
TIME	0.000
SIMULATE	const_vel80

TIME	60.002
SIM_END		const_vel80	60s	1313.65m
SIM_START	const_vel80	2025-11-26 15:39:32
TIME	0.018
ERROR		IPGDriver: Race driver needs knowledge!  (id=400)
SIM_ABORT	const_vel80	0s	1313.65m
TIME	4.686
SIM_START	const_vel80	2025-11-26 15:40:19
TIME	0.000
SIMULATE	const_vel80

TIME	14.675
SIM_END		const_vel80	14.673s	312.635m
TIME	27.086
SIM_START	const_vel80	2025-11-26 15:42:39
TIME	0.000
SIMULATE	const_vel80

TIME	60.002
SIM_END		const_vel80	60s	731.129m
SIM_START	const_vel80	2025-11-26 15:43:50
TIME	0.000
SIMULATE	const_vel80

TIME	28.796
SIM_END		const_vel80	28.794s	618.6m
TIME	41.001
SIM_START	const_vel80	2025-11-26 15:46:22
TIME	0.000
SIMULATE	const_vel80

TIME	60.002
SIM_END		const_vel80	60s	1016.59m
TIME	62.101
SIM_START	const_vel80	2025-11-26 15:47:46
TIME	0.000
SIMULATE	const_vel80

TIME	60.002
SIM_END		const_vel80	60s	1312.97m
TIME	69.263
SIM_START	const_vel80	2025-11-26 15:50:22
TIME	0.000
SIMULATE	const_vel80

TIME	60.002
SIM_END		const_vel80	60s	963.363m
TIME	63.080
SIM_START	const_vel80	2025-11-26 15:51:54
TIME	0.000
SIMULATE	const_vel80

TIME	60.002
SIM_END		const_vel80	60s	1221.23m
SIM_START	const_vel80	2025-11-26 15:53:02
TIME	0.000
SIMULATE	const_vel80

TIME	60.002
SIM_END		const_vel80	60s	1225.59m
TIME	62.006
SIM_START	const_vel80	2025-11-26 15:54:24
TIME	0.000
SIMULATE	const_vel80

TIME	60.002
SIM_END		const_vel80	60s	1225.76m
SIM_START	const_vel80	2025-11-26 15:55:43
TIME	0.000
SIMULATE	const_vel80

TIME	27.235
SIM_END		const_vel80	27.233s	560.111m
SIM_START	const_vel80	2025-11-26 15:56:15
TIME	0.016
WARNING		Vehicle start position on route corrected from 0.000m to 11.050m because of attached trailer
TIME	0.000
SIMULATE	const_vel80

WARNING		IPGDriver: Problems for driver: I'm stopping my activities (time = 0.374000, ErrInd = 102). (id=200)
ERROR		Pitch angle too high (-80.29 deg)
SIM_ABORT	const_vel80	0.41s	8.42457m
SIM_START	const_vel80	2025-11-26 15:56:32
TIME	0.000
SIMULATE	const_vel80

TIME	27.307
SIM_END		const_vel80	27.305s	561.565m
TIME	37.712
SIM_START	stat_circle80	2025-11-26 15:58:45
TIME	0.000
SIMULATE	stat_circle80

TIME	45.739
SIM_END		stat_circle80	45.737s	386.774m
SIM_START	stat_circle80	2025-11-26 15:59:35
TIME	0.000
SIMULATE	stat_circle80

TIME	5.002
SIM_END		stat_circle80	5s	23.6796m
TIME	150.617
SIM_START	stat_circle80	2025-11-26 16:23:58
TIME	0.000
SIMULATE	stat_circle80

TIME	18.064
SIM_END		stat_circle80	18.062s	1.19066m
TIME	25.668
SIM_START	stat_circle80	2025-11-26 16:25:34
TIME	0.000
SIMULATE	stat_circle80

TIME	54.055
SIM_END		stat_circle80	54.053s	1034.51m
SIM_START	stat_circle80	2025-11-26 16:26:33
TIME	0.000
SIMULATE	stat_circle80

TIME	56.053
SIM_END		stat_circle80	56.051s	1088.84m
TIME	61.422
SIM_START	stat_circle80	2025-11-26 16:28:24
TIME	0.000
SIMULATE	stat_circle80

TIME	56.053
SIM_END		stat_circle80	56.051s	988.486m
TIME	60.542
SIM_START	stat_circle80	2025-11-26 16:30:07
TIME	0.000
SIMULATE	stat_circle80

TIME	20.375
SIM_END		stat_circle80	20.373s	1.24571m
SIM_START	stat_circle80	2025-11-26 16:30:35
TIME	0.000
SIMULATE	stat_circle80

TIME	8.297
SIM_END		stat_circle80	8.295s	0.959574m
SIM_START	stat_circle80	2025-11-26 16:31:00
TIME	0.000
SIMULATE	stat_circle80

TIME	18.003
SIM_END		stat_circle80	18.001s	158.415m
SIM_START	stat_circle80	2025-11-26 16:31:24
TIME	0.000
SIMULATE	stat_circle80

TIME	26.036
SIM_END		stat_circle80	26.034s	484.561m
SIM_START	stat_circle80	2025-11-26 16:31:54
TIME	0.000
SIMULATE	stat_circle80

TIME	47.496
SIM_END		stat_circle80	47.494s	961.45m
TIME	59.447
SIM_START	acceleration_to80	2025-11-26 16:34:43
TIME	0.000
SIMULATE	acceleration_to80

TIME	3.734
SIM_END		acceleration_to80	3.732s	29.5521m
TIME	5.745
SIM_START	acceleration_to80	2025-11-26 16:35:08
TIME	0.000
SIMULATE	acceleration_to80

TIME	30.306
SIM_END		acceleration_to80	30.304s	30.52m
SIM_START	acceleration_to80	2025-11-26 16:35:58
TIME	0.000
SIMULATE	acceleration_to80

TIME	24.401
SIM_END		acceleration_to80	24.399s	30.5062m
TIME	31.492
SIM_START	acceleration_to80	2025-11-26 16:37:36
TIME	0.000
SIMULATE	acceleration_to80

TIME	10.004
SIM_END		acceleration_to80	10.002s	30.3107m
SIM_START	acceleration_to80	2025-11-26 16:37:52
TIME	0.000
SIMULATE	acceleration_to80

TIME	5.885
SIM_END		acceleration_to80	5.883s	122.237m
SIM_START	acceleration_to80	2025-11-26 16:38:10
TIME	0.000
SIMULATE	acceleration_to80

TIME	14.624
SIM_END		acceleration_to80	14.622s	145.226m
TIME	86.979
SIM_START	Examples/VehicleDynamics/Braking/Braking	2025-11-26 16:50:30
TIME	0.000
SIMULATE	Examples/VehicleDynamics/Braking/Braking

TIME	17.922
		Braking distance: 29.38 m
SIM_END		Examples/VehicleDynamics/Braking/Braking	17.923s	208.437m
WARNING		APO msg 'DMjmp': Ignored, not in state 'Simulate'
WARNING		APO msg 'DMjmp': Ignored, not in state 'Simulate'
WARNING		APO msg 'DMjmp': Ignored, not in state 'Simulate'
TIME	28.086
SIM_START	const_vel80	2025-11-26 16:52:31
TIME	0.000
SIMULATE	const_vel80

TIME	23.379
SIM_END		const_vel80	23.377s	502.873m
TIME	26.024
SIM_START	const_vel80	2025-11-26 16:53:23
TIME	0.000
SIMULATE	const_vel80

TIME	13.499
SIM_END		const_vel80	13.497s	298.719m
TIME	25.062
SIM_START	const_vel80	2025-11-26 16:55:34
TIME	0.000
SIMULATE	const_vel80

TIME	60.002
SIM_END		const_vel80	60s	1331.47m
TIME	80.376
SIM_START	const_vel80	2025-11-26 16:59:59
TIME	0.000
SIMULATE	const_vel80

TIME	60.002
SIM_END		const_vel80	60s	1331.47m
TIME	69.408
SIM_START	const_vel80	2025-11-26 17:02:35
TIME	0.000
SIMULATE	const_vel80

TIME	60.002
SIM_END		const_vel80	60s	1331.47m
TIME	68.051
SIM_START	const_vel80	2025-11-26 17:04:57
TIME	0.000
SIMULATE	const_vel80

TIME	60.002
SIM_END		const_vel80	60s	1331.47m
TIME	62.700
SIM_START	const_vel80	2025-11-26 17:05:57
TIME	0.000
SIMULATE	const_vel80

TIME	60.002
SIM_END		const_vel80	60s	1331.47m
TIME	62.874
SIM_START	const_vel80	2025-11-26 17:06:39
TIME	0.000
SIMULATE	const_vel80

TIME	60.002
SIM_END		const_vel80	60s	1331.47m
SIM_START	stat_circle80	2025-11-26 17:07:00
TIME	0.000
SIMULATE	stat_circle80

TIME	101.632
SIM_END		stat_circle80	101.629s	2.07507m
TIME	110.239
SIM_START	stat_circle80	2025-11-26 17:08:48
TIME	0.000
SIMULATE	stat_circle80

TIME	60.002
SIM_END		stat_circle80	60s	967.959m
SIM_START	stat_circle80	2025-11-26 17:09:10
TIME	0.000
SIMULATE	stat_circle80

TIME	8.641
SIM_END		stat_circle80	8.638s	165.437m
SIM_START	stat_circle80	2025-11-26 17:09:20
TIME	0.000
SIMULATE	stat_circle80

TIME	48.223
SIM_END		stat_circle80	48.221s	784.148m
SIM_START	const_vel80	2025-11-26 17:09:40
TIME	0.000
SIMULATE	const_vel80

TIME	60.003
SIM_END		const_vel80	60s	1331.47m
SIM_START	stat_circle80	2025-11-26 17:10:02
TIME	0.000
SIMULATE	stat_circle80

TIME	60.002
SIM_END		stat_circle80	60s	967.959m
TIME	69.826
SIM_START	stat_circle80	2025-11-26 17:11:54
TIME	0.000
SIMULATE	stat_circle80

TIME	9.087
SIM_END		stat_circle80	9.085s	172.475m
SIM_START	const_vel80	2025-11-26 17:12:08
TIME	0.000
SIMULATE	const_vel80

TIME	60.002
SIM_END		const_vel80	60s	1331.47m
SIM_START	stat_circle80	2025-11-26 17:12:29
TIME	0.000
SIMULATE	stat_circle80

TIME	60.002
SIM_END		stat_circle80	60s	967.959m
SIM_START	acceleration_to80	2025-11-26 17:12:51
TIME	0.000
SIMULATE	acceleration_to80

TIME	47.496
SIM_END		acceleration_to80	47.494s	961.45m
SIM_START	decceleration_from80	2025-11-26 17:13:09
TIME	0.000
SIMULATE	decceleration_from80

TIME	14.624
SIM_END		decceleration_from80	14.622s	145.226m
TIME	62.805
SIM_START	const_vel80	2025-11-26 17:21:15
TIME	0.000
SIMULATE	const_vel80

TIME	60.002
SIM_END		const_vel80	60s	1331.47m
SIM_START	stat_circle80	2025-11-26 17:21:38
TIME	0.000
SIMULATE	stat_circle80

TIME	60.002
SIM_END		stat_circle80	60s	967.959m
SIM_START	acceleration_to80	2025-11-26 17:21:58
TIME	0.000
SIMULATE	acceleration_to80

TIME	47.496
SIM_END		acceleration_to80	47.494s	961.45m
SIM_START	decceleration_from80	2025-11-26 17:22:18
TIME	0.000
SIMULATE	decceleration_from80

TIME	14.624
SIM_END		decceleration_from80	14.622s	145.226m
TIME	34.187
SIM_START	const_vel80	2025-11-26 17:25:38
TIME	0.000
SIMULATE	const_vel80

TIME	60.003
SIM_END		const_vel80	60s	1331.47m
TIME	62.045
SIM_START	stat_circle80	2025-11-26 17:26:12
TIME	0.000
SIMULATE	stat_circle80

TIME	60.002
SIM_END		stat_circle80	60s	967.959m
SIM_START	acceleration_to80	2025-11-26 17:26:34
TIME	0.000
SIMULATE	acceleration_to80

TIME	47.496
SIM_END		acceleration_to80	47.494s	961.45m
SIM_START	decceleration_from80	2025-11-26 17:26:52
TIME	0.000
SIMULATE	decceleration_from80

TIME	14.624
SIM_END		decceleration_from80	14.622s	145.226m
TIME	35.812
SIM_START	const_vel80	2025-11-26 17:30:29
TIME	0.000
SIMULATE	const_vel80

TIME	60.002
SIM_END		const_vel80	60s	1331.47m
SIM_START	stat_circle80	2025-11-26 17:30:51
TIME	0.000
SIMULATE	stat_circle80

TIME	60.003
SIM_END		stat_circle80	60s	967.959m
SIM_START	acceleration_to80	2025-11-26 17:31:13
TIME	0.000
SIMULATE	acceleration_to80

TIME	47.496
SIM_END		acceleration_to80	47.494s	961.45m
SIM_START	decceleration_from80	2025-11-26 17:31:32
TIME	0.000
SIMULATE	decceleration_from80

TIME	14.624
SIM_END		decceleration_from80	14.622s	145.226m
TIME	38.493
SIM_START	const_vel80	2025-11-26 17:35:35
TIME	0.000
SIMULATE	const_vel80

TIME	60.002
SIM_END		const_vel80	60s	1331.47m
TIME	73.510
SIM_START	const_vel80	2025-11-26 17:38:05
TIME	0.000
SIMULATE	const_vel80

TIME	60.003
SIM_END		const_vel80	60s	1331.47m
TIME	64.417
SIM_START	const_vel80	2025-11-26 17:39:03
TIME	0.000
SIMULATE	const_vel80

TIME	60.003
SIM_END		const_vel80	60s	1331.47m
TIME	63.222
SIM_START	const_vel80	2025-11-26 17:39:49
TIME	0.000
SIMULATE	const_vel80

TIME	60.002
SIM_END		const_vel80	60s	1331.47m
SIM_START	stat_circle80	2025-11-26 17:40:10
TIME	0.000
SIMULATE	stat_circle80

TIME	60.002
SIM_END		stat_circle80	60s	967.959m
SIM_START	acceleration_to80	2025-11-26 17:40:32
TIME	0.000
SIMULATE	acceleration_to80

TIME	47.497
SIM_END		acceleration_to80	47.494s	961.45m
SIM_START	decceleration_from80	2025-11-26 17:40:50
TIME	0.000
SIMULATE	decceleration_from80

TIME	14.624
SIM_END		decceleration_from80	14.622s	145.226m
TIME	44.580
SIM_START	decceleration_from80	2025-11-26 17:45:54
TIME	0.000
SIMULATE	decceleration_from80

TIME	14.624
SIM_END		decceleration_from80	14.622s	145.226m
TIME	33.894
SIM_START	const_vel80	2025-11-26 17:49:13
TIME	0.000
SIMULATE	const_vel80

TIME	60.002
SIM_END		const_vel80	60s	1331.47m
SIM_START	stat_circle80	2025-11-26 17:49:34
TIME	0.000
SIMULATE	stat_circle80

TIME	60.002
SIM_END		stat_circle80	60s	967.959m
SIM_START	acceleration_to80	2025-11-26 17:49:55
TIME	0.000
SIMULATE	acceleration_to80

TIME	47.496
SIM_END		acceleration_to80	47.494s	961.45m
SIM_START	decceleration_from80	2025-11-26 17:50:14
TIME	0.000
SIMULATE	decceleration_from80

TIME	14.624
SIM_END		decceleration_from80	14.622s	145.226m
TIME	25.537
SIM_START	decceleration_from80	2025-11-26 17:52:09
TIME	0.000
SIMULATE	decceleration_from80

TIME	14.625
SIM_END		decceleration_from80	14.622s	145.226m
TIME	65.330
SIM_START	const_vel80	2025-11-26 18:00:42
TIME	0.000
SIMULATE	const_vel80

TIME	60.003
SIM_END		const_vel80	60s	1331.47m
SIM_START	stat_circle80	2025-11-26 18:01:03
TIME	0.000
SIMULATE	stat_circle80

TIME	60.002
SIM_END		stat_circle80	60s	967.959m
SIM_START	acceleration_to80	2025-11-26 18:01:26
TIME	0.000
SIMULATE	acceleration_to80

TIME	47.496
SIM_END		acceleration_to80	47.494s	961.45m
SIM_START	decceleration_from80	2025-11-26 18:01:49
TIME	0.088
SIM_END		decceleration_from80	0s	0m
TIME	13.611
SIM_START	const_vel80	2025-11-26 18:04:05
TIME	0.000
SIMULATE	const_vel80

TIME	60.002
SIM_END		const_vel80	60s	1331.47m
SIM_START	stat_circle80	2025-11-26 18:04:26
TIME	0.000
SIMULATE	stat_circle80

TIME	60.003
SIM_END		stat_circle80	60s	967.959m
SIM_START	acceleration_to80	2025-11-26 18:04:48
TIME	0.000
SIMULATE	acceleration_to80

TIME	47.496
SIM_END		acceleration_to80	47.494s	961.45m
SIM_START	decceleration_from80	2025-11-26 18:05:07
TIME	0.000
SIMULATE	decceleration_from80

TIME	14.625
SIM_END		decceleration_from80	14.622s	145.226m
TIME	0.001
SIM_START	const_vel80	2025-11-26 18:08:10
TIME	0.000
SIMULATE	const_vel80

TIME	60.002
SIM_END		const_vel80	60s	1331.47m
SIM_START	stat_circle80	2025-11-26 18:08:31
TIME	0.000
SIMULATE	stat_circle80

TIME	60.003
SIM_END		stat_circle80	60s	967.959m
SIM_START	acceleration_to80	2025-11-26 18:08:54
TIME	0.000
SIMULATE	acceleration_to80

TIME	47.496
SIM_END		acceleration_to80	47.494s	961.45m
SIM_START	decceleration_from80	2025-11-26 18:09:12
TIME	0.000
SIMULATE	decceleration_from80

TIME	14.624
SIM_END		decceleration_from80	14.622s	145.226m
TIME	36.700
SIM_START	decceleration_from80	2025-11-26 18:12:58
TIME	0.129
SIM_END		decceleration_from80	0s	0m
SIM_START	const_vel80	2025-11-26 18:13:09
TIME	0.000
SIMULATE	const_vel80

TIME	60.008
SIM_END		const_vel80	60s	1331.47m
SIM_START	stat_circle80	2025-11-26 18:13:22
TIME	0.000
SIMULATE	stat_circle80

TIME	60.008
SIM_END		stat_circle80	60s	967.959m
SIM_START	acceleration_to80	2025-11-26 18:13:34
TIME	0.000
SIMULATE	acceleration_to80

TIME	47.502
SIM_END		acceleration_to80	47.494s	961.45m
SIM_START	decceleration_from80	2025-11-26 18:13:47
TIME	0.000
SIMULATE	decceleration_from80

TIME	14.630
SIM_END		decceleration_from80	14.622s	145.226m
TIME	26.496
SIM_START	const_vel80	2025-11-26 18:15:49
TIME	0.000
SIMULATE	const_vel80

TIME	60.008
SIM_END		const_vel80	60s	1331.47m
SIM_START	stat_circle80	2025-11-26 18:16:01
TIME	0.000
SIMULATE	stat_circle80

TIME	60.008
SIM_END		stat_circle80	60s	967.959m
SIM_START	acceleration_to80	2025-11-26 18:16:14
TIME	0.000
SIMULATE	acceleration_to80

TIME	47.502
SIM_END		acceleration_to80	47.494s	961.45m
SIM_START	decceleration_from80	2025-11-26 18:16:26
TIME	0.000
SIMULATE	decceleration_from80

TIME	14.630
SIM_END		decceleration_from80	14.622s	145.226m
TIME	23.819
SIM_START	const_vel80	2025-11-26 18:18:00
TIME	0.000
SIMULATE	const_vel80

TIME	60.008
SIM_END		const_vel80	60s	1331.47m
SIM_START	stat_circle80	2025-11-26 18:18:14
TIME	0.000
SIMULATE	stat_circle80

TIME	60.008
SIM_END		stat_circle80	60s	967.959m
SIM_START	acceleration_to80	2025-11-26 18:18:27
TIME	0.000
SIMULATE	acceleration_to80

TIME	47.502
SIM_END		acceleration_to80	47.494s	961.45m
SIM_START	decceleration_from80	2025-11-26 18:18:42
TIME	0.000
SIMULATE	decceleration_from80

TIME	14.630
SIM_END		decceleration_from80	14.622s	145.226m
TIME	32.331
SIM_START	const_vel80	2025-11-26 18:21:42
TIME	0.000
SIMULATE	const_vel80

TIME	60.008
SIM_END		const_vel80	60s	1331.47m
SIM_START	stat_circle80	2025-11-26 18:21:54
TIME	0.000
SIMULATE	stat_circle80

TIME	60.008
SIM_END		stat_circle80	60s	967.959m
SIM_START	acceleration_to80	2025-11-26 18:22:08
TIME	0.000
SIMULATE	acceleration_to80

TIME	47.502
SIM_END		acceleration_to80	47.494s	961.45m
SIM_START	decceleration_from80	2025-11-26 18:22:19
TIME	0.000
SIMULATE	decceleration_from80

TIME	14.630
SIM_END		decceleration_from80	14.622s	145.226m
TIME	25.498
SIM_START	const_vel80	2025-11-26 18:24:11
TIME	0.000
SIMULATE	const_vel80

TIME	60.008
SIM_END		const_vel80	60s	1331.47m
SIM_START	stat_circle80	2025-11-26 18:24:26
TIME	0.000
SIMULATE	stat_circle80

TIME	60.008
SIM_END		stat_circle80	60s	967.959m
SIM_START	acceleration_to80	2025-11-26 18:24:39
TIME	0.000
SIMULATE	acceleration_to80

TIME	47.502
SIM_END		acceleration_to80	47.494s	961.45m
SIM_START	decceleration_from80	2025-11-26 18:24:52
TIME	0.000
SIMULATE	decceleration_from80

TIME	14.630
SIM_END		decceleration_from80	14.622s	145.226m
TIME	24.407
SIM_START	const_vel80	2025-11-26 18:26:34
TIME	0.000
SIMULATE	const_vel80

TIME	60.008
SIM_END		const_vel80	60s	1331.47m
SIM_START	stat_circle80	2025-11-26 18:26:47
TIME	0.000
SIMULATE	stat_circle80

TIME	60.008
SIM_END		stat_circle80	60s	967.959m
SIM_START	acceleration_to80	2025-11-26 18:27:00
TIME	0.000
SIMULATE	acceleration_to80

TIME	47.502
SIM_END		acceleration_to80	47.494s	961.45m
SIM_START	decceleration_from80	2025-11-26 18:27:11
TIME	0.000
SIMULATE	decceleration_from80

TIME	14.630
SIM_END		decceleration_from80	14.622s	145.226m
TIME	113.783
SIM_START	const_vel80	2025-11-26 18:43:47
TIME	0.000
SIMULATE	const_vel80

TIME	60.008
SIM_END		const_vel80	60s	1331.47m
SIM_START	stat_circle80	2025-11-26 18:43:59
TIME	0.000
SIMULATE	stat_circle80

TIME	60.008
SIM_END		stat_circle80	60s	967.959m
SIM_START	acceleration_to80	2025-11-26 18:44:11
TIME	0.000
SIMULATE	acceleration_to80

TIME	47.502
SIM_END		acceleration_to80	47.494s	961.45m
SIM_START	decceleration_from80	2025-11-26 18:44:22
TIME	0.000
SIMULATE	decceleration_from80

TIME	14.630
SIM_END		decceleration_from80	14.622s	145.226m
